#
# A fatal error has been detected by the Java Runtime Environment:
#
#  Internal Error (t:/workspace/open/src/hotspot/share/utilities/constantTag.cpp:65), pid=1536, tid=36740
#  Error: ShouldNotReachHere()
#
# JRE version: Java(TM) SE Runtime Environment (13.0.2+8) (build 13.0.2+8)
# Java VM: Java HotSpot(TM) 64-Bit Server VM (13.0.2+8, mixed mode, sharing, tiered, compressed oops, g1 gc, windows-amd64)
# No core dump will be written. Minidumps are not enabled by default on client versions of Windows
#
# If you would like to submit a bug report, please visit:
#   http://bugreport.java.com/bugreport/crash.jsp
#

---------------  S U M M A R Y ------------

Command Line: -agentlib:jdwp=transport=dt_socket,suspend=y,address=localhost:55562 -javaagent:C:\Users\shrey\eclipse\java-2020-03\eclipse\configuration\org.eclipse.osgi\223\0\.cp\lib\javaagent-shaded.jar -Dfile.encoding=Cp1252 executionEngine.DriverScript

Host: Intel(R) Core(TM) i7-8565U CPU @ 1.80GHz, 8 cores, 15G,  Windows 10 , 64 bit Build 18362 (10.0.18362.778)
Time: Sat May  9 23:08:53 2020 Eastern Daylight Time elapsed time: 5615 seconds (0d 1h 33m 35s)

---------------  T H R E A D  ---------------

Current thread (0x000001cdda289000):  JavaThread "JDWP Transport Listener: dt_socket" daemon [_thread_in_vm, id=36740, stack(0x00000034f2400000,0x00000034f2500000)] _threads_hazard_ptr=0x000001cddc80a9f0

Stack: [0x00000034f2400000,0x00000034f2500000]
Native frames: (J=compiled Java code, j=interpreted, Vv=VM code, C=native code)
V  [jvm.dll+0x624f9a]
V  [jvm.dll+0x770cfa]
V  [jvm.dll+0x7724af]
V  [jvm.dll+0x772a67]
V  [jvm.dll+0x24be8c]
V  [jvm.dll+0x24bdf3]
V  [jvm.dll+0x2485df]
V  [jvm.dll+0x2433fd]
V  [jvm.dll+0x330858]
V  [jvm.dll+0x33235e]
V  [jvm.dll+0x32fbcc]
V  [jvm.dll+0x32ee02]
V  [jvm.dll+0x6141e5]
V  [jvm.dll+0x613f6d]
V  [jvm.dll+0x5ddb03]
V  [jvm.dll+0x76840f]
V  [jvm.dll+0x4f6476]
V  [jvm.dll+0x7776dd]
V  [jvm.dll+0x4dc54e]
V  [jvm.dll+0x4a0d60]
C  [jdwp.dll+0x751f]


---------------  P R O C E S S  ---------------

Threads class SMR info:
_java_thread_list=0x000001cddc80a9f0, length=13, elements={
0x000001cdb3e98800, 0x000001cdd97ad800, 0x000001cdda034000, 0x000001cdda051800,
0x000001cdda053000, 0x000001cdda054800, 0x000001cdda05a000, 0x000001cdda05b000,
0x000001cdda030800, 0x000001cdda289000, 0x000001cdda1ed000, 0x000001cdda1ee000,
0x000001cdda8ef800
}

Java Threads: ( => current thread )
  0x000001cdb3e98800 JavaThread "main" [_thread_blocked, id=5940, stack(0x00000034f1400000,0x00000034f1500000)]
  0x000001cdd97ad800 JavaThread "Reference Handler" daemon [_thread_blocked, id=24284, stack(0x00000034f1b00000,0x00000034f1c00000)]
  0x000001cdda034000 JavaThread "Finalizer" daemon [_thread_blocked, id=34960, stack(0x00000034f1c00000,0x00000034f1d00000)]
  0x000001cdda051800 JavaThread "Signal Dispatcher" daemon [_thread_blocked, id=12396, stack(0x00000034f1d00000,0x00000034f1e00000)]
  0x000001cdda053000 JavaThread "Attach Listener" daemon [_thread_blocked, id=33744, stack(0x00000034f1e00000,0x00000034f1f00000)]
  0x000001cdda054800 JavaThread "C2 CompilerThread0" daemon [_thread_blocked, id=11476, stack(0x00000034f1f00000,0x00000034f2000000)]
  0x000001cdda05a000 JavaThread "C1 CompilerThread0" daemon [_thread_blocked, id=30140, stack(0x00000034f2000000,0x00000034f2100000)]
  0x000001cdda05b000 JavaThread "Sweeper thread" daemon [_thread_blocked, id=33548, stack(0x00000034f2100000,0x00000034f2200000)]
  0x000001cdda030800 JavaThread "Common-Cleaner" daemon [_thread_blocked, id=35636, stack(0x00000034f2200000,0x00000034f2300000)]
=>0x000001cdda289000 JavaThread "JDWP Transport Listener: dt_socket" daemon [_thread_in_vm, id=36740, stack(0x00000034f2400000,0x00000034f2500000)] _threads_hazard_ptr=0x000001cddc80a9f0
  0x000001cdda1ed000 JavaThread "JDWP Event Helper Thread" daemon [_thread_blocked, id=25916, stack(0x00000034f2500000,0x00000034f2600000)]
  0x000001cdda1ee000 JavaThread "JDWP Command Reader" daemon [_thread_in_native, id=36624, stack(0x00000034f2600000,0x00000034f2700000)]
  0x000001cdda8ef800 JavaThread "Service Thread" daemon [_thread_blocked, id=36340, stack(0x00000034f2700000,0x00000034f2800000)]

Other Threads:
  0x000001cdd97a7800 VMThread "VM Thread" [stack: 0x00000034f1a00000,0x00000034f1b00000] [id=1312]
  0x000001cdda95b800 WatcherThread [stack: 0x00000034f2800000,0x00000034f2900000] [id=13460]
  0x000001cdb3f00800 GCTaskThread "GC Thread#0" [stack: 0x00000034f1500000,0x00000034f1600000] [id=35912]
  0x000001cddb3fd000 GCTaskThread "GC Thread#1" [stack: 0x00000034f2a00000,0x00000034f2b00000] [id=37804]
  0x000001cddb6c9800 GCTaskThread "GC Thread#2" [stack: 0x00000034f2b00000,0x00000034f2c00000] [id=35192]
  0x000001cddbc0b800 GCTaskThread "GC Thread#3" [stack: 0x00000034f2c00000,0x00000034f2d00000] [id=19196]
  0x000001cddbb7f800 GCTaskThread "GC Thread#4" [stack: 0x00000034f2d00000,0x00000034f2e00000] [id=27208]
  0x000001cddbe59000 GCTaskThread "GC Thread#5" [stack: 0x00000034f2e00000,0x00000034f2f00000] [id=27344]
  0x000001cdb3f23000 ConcurrentGCThread "G1 Main Marker" [stack: 0x00000034f1600000,0x00000034f1700000] [id=35744]
  0x000001cdb3f24800 ConcurrentGCThread "G1 Conc#0" [stack: 0x00000034f1700000,0x00000034f1800000] [id=13628]
  0x000001cdd96a2800 ConcurrentGCThread "G1 Refine#0" [stack: 0x00000034f1800000,0x00000034f1900000] [id=1892]
  0x000001cdd96a5000 ConcurrentGCThread "G1 Young RemSet Sampling" [stack: 0x00000034f1900000,0x00000034f1a00000] [id=36872]

Threads with active compile tasks:

VM state:not at safepoint (normal execution)

VM Mutex/Monitor currently owned by a thread: None

Heap address: 0x0000000703800000, size: 4040 MB, Compressed Oops mode: Zero based, Oop shift amount: 3
Narrow klass base: 0x0000000800000000, Narrow klass shift: 3
Compressed class space size: 1073741824 Address: 0x0000000800b40000

Heap:
 garbage-first heap   total 260096K, used 30659K [0x0000000703800000, 0x0000000800000000)
  region size 1024K, 27 young (27648K), 3 survivors (3072K)
 Metaspace       used 9000K, capacity 9224K, committed 9472K, reserved 1058816K
  class space    used 896K, capacity 965K, committed 1024K, reserved 1048576K
Heap Regions: E=young(eden), S=young(survivor), O=old, HS=humongous(starts), HC=humongous(continues), CS=collection set, F=free, A=archive, TAMS=top-at-mark-start (previous, next)
|   0|0x0000000703800000, 0x0000000703900000, 0x0000000703900000|100%|HS|  |TAMS 0x0000000703800000, 0x0000000703800000| Complete 
|   1|0x0000000703900000, 0x0000000703a00000, 0x0000000703a00000|100%|HC|  |TAMS 0x0000000703900000, 0x0000000703900000| Complete 
|   2|0x0000000703a00000, 0x0000000703b00000, 0x0000000703b00000|100%|HS|  |TAMS 0x0000000703a00000, 0x0000000703a00000| Complete 
|   3|0x0000000703b00000, 0x0000000703bf0e00, 0x0000000703c00000| 94%| O|  |TAMS 0x0000000703b00000, 0x0000000703b00000| Untracked 
|   4|0x0000000703c00000, 0x0000000703c00000, 0x0000000703d00000|  0%| F|  |TAMS 0x0000000703c00000, 0x0000000703c00000| Untracked 
|   5|0x0000000703d00000, 0x0000000703d00000, 0x0000000703e00000|  0%| F|  |TAMS 0x0000000703d00000, 0x0000000703d00000| Untracked 
|   6|0x0000000703e00000, 0x0000000703e00000, 0x0000000703f00000|  0%| F|  |TAMS 0x0000000703e00000, 0x0000000703e00000| Untracked 
|   7|0x0000000703f00000, 0x0000000703f00000, 0x0000000704000000|  0%| F|  |TAMS 0x0000000703f00000, 0x0000000703f00000| Untracked 
|   8|0x0000000704000000, 0x0000000704000000, 0x0000000704100000|  0%| F|  |TAMS 0x0000000704000000, 0x0000000704000000| Untracked 
|   9|0x0000000704100000, 0x0000000704100000, 0x0000000704200000|  0%| F|  |TAMS 0x0000000704100000, 0x0000000704100000| Untracked 
|  10|0x0000000704200000, 0x0000000704200000, 0x0000000704300000|  0%| F|  |TAMS 0x0000000704200000, 0x0000000704200000| Untracked 
|  11|0x0000000704300000, 0x0000000704300000, 0x0000000704400000|  0%| F|  |TAMS 0x0000000704300000, 0x0000000704300000| Untracked 
|  12|0x0000000704400000, 0x0000000704400000, 0x0000000704500000|  0%| F|  |TAMS 0x0000000704400000, 0x0000000704400000| Untracked 
|  13|0x0000000704500000, 0x0000000704500000, 0x0000000704600000|  0%| F|  |TAMS 0x0000000704500000, 0x0000000704500000| Untracked 
|  14|0x0000000704600000, 0x0000000704600000, 0x0000000704700000|  0%| F|  |TAMS 0x0000000704600000, 0x0000000704600000| Untracked 
|  15|0x0000000704700000, 0x0000000704700000, 0x0000000704800000|  0%| F|  |TAMS 0x0000000704700000, 0x0000000704700000| Untracked 
|  16|0x0000000704800000, 0x0000000704800000, 0x0000000704900000|  0%| F|  |TAMS 0x0000000704800000, 0x0000000704800000| Untracked 
|  17|0x0000000704900000, 0x0000000704900000, 0x0000000704a00000|  0%| F|  |TAMS 0x0000000704900000, 0x0000000704900000| Untracked 
|  18|0x0000000704a00000, 0x0000000704a00000, 0x0000000704b00000|  0%| F|  |TAMS 0x0000000704a00000, 0x0000000704a00000| Untracked 
|  19|0x0000000704b00000, 0x0000000704b00000, 0x0000000704c00000|  0%| F|  |TAMS 0x0000000704b00000, 0x0000000704b00000| Untracked 
|  20|0x0000000704c00000, 0x0000000704c00000, 0x0000000704d00000|  0%| F|  |TAMS 0x0000000704c00000, 0x0000000704c00000| Untracked 
|  21|0x0000000704d00000, 0x0000000704d00000, 0x0000000704e00000|  0%| F|  |TAMS 0x0000000704d00000, 0x0000000704d00000| Untracked 
|  22|0x0000000704e00000, 0x0000000704e00000, 0x0000000704f00000|  0%| F|  |TAMS 0x0000000704e00000, 0x0000000704e00000| Untracked 
|  23|0x0000000704f00000, 0x0000000704f00000, 0x0000000705000000|  0%| F|  |TAMS 0x0000000704f00000, 0x0000000704f00000| Untracked 
|  24|0x0000000705000000, 0x0000000705000000, 0x0000000705100000|  0%| F|  |TAMS 0x0000000705000000, 0x0000000705000000| Untracked 
|  25|0x0000000705100000, 0x0000000705100000, 0x0000000705200000|  0%| F|  |TAMS 0x0000000705100000, 0x0000000705100000| Untracked 
|  26|0x0000000705200000, 0x0000000705200000, 0x0000000705300000|  0%| F|  |TAMS 0x0000000705200000, 0x0000000705200000| Untracked 
|  27|0x0000000705300000, 0x0000000705300000, 0x0000000705400000|  0%| F|  |TAMS 0x0000000705300000, 0x0000000705300000| Untracked 
|  28|0x0000000705400000, 0x0000000705400000, 0x0000000705500000|  0%| F|  |TAMS 0x0000000705400000, 0x0000000705400000| Untracked 
|  29|0x0000000705500000, 0x0000000705500000, 0x0000000705600000|  0%| F|  |TAMS 0x0000000705500000, 0x0000000705500000| Untracked 
|  30|0x0000000705600000, 0x0000000705600000, 0x0000000705700000|  0%| F|  |TAMS 0x0000000705600000, 0x0000000705600000| Untracked 
|  31|0x0000000705700000, 0x0000000705700000, 0x0000000705800000|  0%| F|  |TAMS 0x0000000705700000, 0x0000000705700000| Untracked 
|  32|0x0000000705800000, 0x0000000705800000, 0x0000000705900000|  0%| F|  |TAMS 0x0000000705800000, 0x0000000705800000| Untracked 
|  33|0x0000000705900000, 0x0000000705900000, 0x0000000705a00000|  0%| F|  |TAMS 0x0000000705900000, 0x0000000705900000| Untracked 
|  34|0x0000000705a00000, 0x0000000705a00000, 0x0000000705b00000|  0%| F|  |TAMS 0x0000000705a00000, 0x0000000705a00000| Untracked 
|  35|0x0000000705b00000, 0x0000000705b00000, 0x0000000705c00000|  0%| F|  |TAMS 0x0000000705b00000, 0x0000000705b00000| Untracked 
|  36|0x0000000705c00000, 0x0000000705c00000, 0x0000000705d00000|  0%| F|  |TAMS 0x0000000705c00000, 0x0000000705c00000| Untracked 
|  37|0x0000000705d00000, 0x0000000705d00000, 0x0000000705e00000|  0%| F|  |TAMS 0x0000000705d00000, 0x0000000705d00000| Untracked 
|  38|0x0000000705e00000, 0x0000000705e00000, 0x0000000705f00000|  0%| F|  |TAMS 0x0000000705e00000, 0x0000000705e00000| Untracked 
|  39|0x0000000705f00000, 0x0000000705f00000, 0x0000000706000000|  0%| F|  |TAMS 0x0000000705f00000, 0x0000000705f00000| Untracked 
|  40|0x0000000706000000, 0x0000000706000000, 0x0000000706100000|  0%| F|  |TAMS 0x0000000706000000, 0x0000000706000000| Untracked 
|  41|0x0000000706100000, 0x0000000706100000, 0x0000000706200000|  0%| F|  |TAMS 0x0000000706100000, 0x0000000706100000| Untracked 
|  42|0x0000000706200000, 0x0000000706200000, 0x0000000706300000|  0%| F|  |TAMS 0x0000000706200000, 0x0000000706200000| Untracked 
|  43|0x0000000706300000, 0x0000000706300000, 0x0000000706400000|  0%| F|  |TAMS 0x0000000706300000, 0x0000000706300000| Untracked 
|  44|0x0000000706400000, 0x0000000706400000, 0x0000000706500000|  0%| F|  |TAMS 0x0000000706400000, 0x0000000706400000| Untracked 
|  45|0x0000000706500000, 0x0000000706500000, 0x0000000706600000|  0%| F|  |TAMS 0x0000000706500000, 0x0000000706500000| Untracked 
|  46|0x0000000706600000, 0x0000000706600000, 0x0000000706700000|  0%| F|  |TAMS 0x0000000706600000, 0x0000000706600000| Untracked 
|  47|0x0000000706700000, 0x0000000706700000, 0x0000000706800000|  0%| F|  |TAMS 0x0000000706700000, 0x0000000706700000| Untracked 
|  48|0x0000000706800000, 0x0000000706800000, 0x0000000706900000|  0%| F|  |TAMS 0x0000000706800000, 0x0000000706800000| Untracked 
|  49|0x0000000706900000, 0x0000000706900000, 0x0000000706a00000|  0%| F|  |TAMS 0x0000000706900000, 0x0000000706900000| Untracked 
|  50|0x0000000706a00000, 0x0000000706a00000, 0x0000000706b00000|  0%| F|  |TAMS 0x0000000706a00000, 0x0000000706a00000| Untracked 
|  51|0x0000000706b00000, 0x0000000706b00000, 0x0000000706c00000|  0%| F|  |TAMS 0x0000000706b00000, 0x0000000706b00000| Untracked 
|  52|0x0000000706c00000, 0x0000000706c00000, 0x0000000706d00000|  0%| F|  |TAMS 0x0000000706c00000, 0x0000000706c00000| Untracked 
|  53|0x0000000706d00000, 0x0000000706d00000, 0x0000000706e00000|  0%| F|  |TAMS 0x0000000706d00000, 0x0000000706d00000| Untracked 
|  54|0x0000000706e00000, 0x0000000706e00000, 0x0000000706f00000|  0%| F|  |TAMS 0x0000000706e00000, 0x0000000706e00000| Untracked 
|  55|0x0000000706f00000, 0x0000000706f00000, 0x0000000707000000|  0%| F|  |TAMS 0x0000000706f00000, 0x0000000706f00000| Untracked 
|  56|0x0000000707000000, 0x0000000707000000, 0x0000000707100000|  0%| F|  |TAMS 0x0000000707000000, 0x0000000707000000| Untracked 
|  57|0x0000000707100000, 0x0000000707100000, 0x0000000707200000|  0%| F|  |TAMS 0x0000000707100000, 0x0000000707100000| Untracked 
|  58|0x0000000707200000, 0x0000000707200000, 0x0000000707300000|  0%| F|  |TAMS 0x0000000707200000, 0x0000000707200000| Untracked 
|  59|0x0000000707300000, 0x0000000707300000, 0x0000000707400000|  0%| F|  |TAMS 0x0000000707300000, 0x0000000707300000| Untracked 
|  60|0x0000000707400000, 0x0000000707400000, 0x0000000707500000|  0%| F|  |TAMS 0x0000000707400000, 0x0000000707400000| Untracked 
|  61|0x0000000707500000, 0x0000000707500000, 0x0000000707600000|  0%| F|  |TAMS 0x0000000707500000, 0x0000000707500000| Untracked 
|  62|0x0000000707600000, 0x0000000707600000, 0x0000000707700000|  0%| F|  |TAMS 0x0000000707600000, 0x0000000707600000| Untracked 
|  63|0x0000000707700000, 0x0000000707700000, 0x0000000707800000|  0%| F|  |TAMS 0x0000000707700000, 0x0000000707700000| Untracked 
|  64|0x0000000707800000, 0x0000000707800000, 0x0000000707900000|  0%| F|  |TAMS 0x0000000707800000, 0x0000000707800000| Untracked 
|  65|0x0000000707900000, 0x0000000707900000, 0x0000000707a00000|  0%| F|  |TAMS 0x0000000707900000, 0x0000000707900000| Untracked 
|  66|0x0000000707a00000, 0x0000000707a00000, 0x0000000707b00000|  0%| F|  |TAMS 0x0000000707a00000, 0x0000000707a00000| Untracked 
|  67|0x0000000707b00000, 0x0000000707b00000, 0x0000000707c00000|  0%| F|  |TAMS 0x0000000707b00000, 0x0000000707b00000| Untracked 
|  68|0x0000000707c00000, 0x0000000707c00000, 0x0000000707d00000|  0%| F|  |TAMS 0x0000000707c00000, 0x0000000707c00000| Untracked 
|  69|0x0000000707d00000, 0x0000000707d00000, 0x0000000707e00000|  0%| F|  |TAMS 0x0000000707d00000, 0x0000000707d00000| Untracked 
|  70|0x0000000707e00000, 0x0000000707e00000, 0x0000000707f00000|  0%| F|  |TAMS 0x0000000707e00000, 0x0000000707e00000| Untracked 
|  71|0x0000000707f00000, 0x0000000707f00000, 0x0000000708000000|  0%| F|  |TAMS 0x0000000707f00000, 0x0000000707f00000| Untracked 
|  72|0x0000000708000000, 0x0000000708000000, 0x0000000708100000|  0%| F|  |TAMS 0x0000000708000000, 0x0000000708000000| Untracked 
|  73|0x0000000708100000, 0x0000000708100000, 0x0000000708200000|  0%| F|  |TAMS 0x0000000708100000, 0x0000000708100000| Untracked 
|  74|0x0000000708200000, 0x0000000708200000, 0x0000000708300000|  0%| F|  |TAMS 0x0000000708200000, 0x0000000708200000| Untracked 
|  75|0x0000000708300000, 0x0000000708300000, 0x0000000708400000|  0%| F|  |TAMS 0x0000000708300000, 0x0000000708300000| Untracked 
|  76|0x0000000708400000, 0x0000000708400000, 0x0000000708500000|  0%| F|  |TAMS 0x0000000708400000, 0x0000000708400000| Untracked 
|  77|0x0000000708500000, 0x0000000708500000, 0x0000000708600000|  0%| F|  |TAMS 0x0000000708500000, 0x0000000708500000| Untracked 
|  78|0x0000000708600000, 0x0000000708600000, 0x0000000708700000|  0%| F|  |TAMS 0x0000000708600000, 0x0000000708600000| Untracked 
|  79|0x0000000708700000, 0x0000000708700000, 0x0000000708800000|  0%| F|  |TAMS 0x0000000708700000, 0x0000000708700000| Untracked 
|  80|0x0000000708800000, 0x0000000708800000, 0x0000000708900000|  0%| F|  |TAMS 0x0000000708800000, 0x0000000708800000| Untracked 
|  81|0x0000000708900000, 0x0000000708900000, 0x0000000708a00000|  0%| F|  |TAMS 0x0000000708900000, 0x0000000708900000| Untracked 
|  82|0x0000000708a00000, 0x0000000708a00000, 0x0000000708b00000|  0%| F|  |TAMS 0x0000000708a00000, 0x0000000708a00000| Untracked 
|  83|0x0000000708b00000, 0x0000000708b00000, 0x0000000708c00000|  0%| F|  |TAMS 0x0000000708b00000, 0x0000000708b00000| Untracked 
|  84|0x0000000708c00000, 0x0000000708c00000, 0x0000000708d00000|  0%| F|  |TAMS 0x0000000708c00000, 0x0000000708c00000| Untracked 
|  85|0x0000000708d00000, 0x0000000708d00000, 0x0000000708e00000|  0%| F|  |TAMS 0x0000000708d00000, 0x0000000708d00000| Untracked 
|  86|0x0000000708e00000, 0x0000000708e00000, 0x0000000708f00000|  0%| F|  |TAMS 0x0000000708e00000, 0x0000000708e00000| Untracked 
|  87|0x0000000708f00000, 0x0000000708f00000, 0x0000000709000000|  0%| F|  |TAMS 0x0000000708f00000, 0x0000000708f00000| Untracked 
|  88|0x0000000709000000, 0x0000000709000000, 0x0000000709100000|  0%| F|  |TAMS 0x0000000709000000, 0x0000000709000000| Untracked 
|  89|0x0000000709100000, 0x0000000709100000, 0x0000000709200000|  0%| F|  |TAMS 0x0000000709100000, 0x0000000709100000| Untracked 
|  90|0x0000000709200000, 0x0000000709200000, 0x0000000709300000|  0%| F|  |TAMS 0x0000000709200000, 0x0000000709200000| Untracked 
|  91|0x0000000709300000, 0x0000000709300000, 0x0000000709400000|  0%| F|  |TAMS 0x0000000709300000, 0x0000000709300000| Untracked 
|  92|0x0000000709400000, 0x0000000709400000, 0x0000000709500000|  0%| F|  |TAMS 0x0000000709400000, 0x0000000709400000| Untracked 
|  93|0x0000000709500000, 0x0000000709500000, 0x0000000709600000|  0%| F|  |TAMS 0x0000000709500000, 0x0000000709500000| Untracked 
|  94|0x0000000709600000, 0x0000000709600000, 0x0000000709700000|  0%| F|  |TAMS 0x0000000709600000, 0x0000000709600000| Untracked 
|  95|0x0000000709700000, 0x0000000709700000, 0x0000000709800000|  0%| F|  |TAMS 0x0000000709700000, 0x0000000709700000| Untracked 
|  96|0x0000000709800000, 0x0000000709800000, 0x0000000709900000|  0%| F|  |TAMS 0x0000000709800000, 0x0000000709800000| Untracked 
|  97|0x0000000709900000, 0x0000000709900000, 0x0000000709a00000|  0%| F|  |TAMS 0x0000000709900000, 0x0000000709900000| Untracked 
|  98|0x0000000709a00000, 0x0000000709a00000, 0x0000000709b00000|  0%| F|  |TAMS 0x0000000709a00000, 0x0000000709a00000| Untracked 
|  99|0x0000000709b00000, 0x0000000709b00000, 0x0000000709c00000|  0%| F|  |TAMS 0x0000000709b00000, 0x0000000709b00000| Untracked 
| 100|0x0000000709c00000, 0x0000000709c00000, 0x0000000709d00000|  0%| F|  |TAMS 0x0000000709c00000, 0x0000000709c00000| Untracked 
| 101|0x0000000709d00000, 0x0000000709d00000, 0x0000000709e00000|  0%| F|  |TAMS 0x0000000709d00000, 0x0000000709d00000| Untracked 
| 102|0x0000000709e00000, 0x0000000709e00000, 0x0000000709f00000|  0%| F|  |TAMS 0x0000000709e00000, 0x0000000709e00000| Untracked 
| 103|0x0000000709f00000, 0x0000000709f00000, 0x000000070a000000|  0%| F|  |TAMS 0x0000000709f00000, 0x0000000709f00000| Untracked 
| 104|0x000000070a000000, 0x000000070a000000, 0x000000070a100000|  0%| F|  |TAMS 0x000000070a000000, 0x000000070a000000| Untracked 
| 105|0x000000070a100000, 0x000000070a100000, 0x000000070a200000|  0%| F|  |TAMS 0x000000070a100000, 0x000000070a100000| Untracked 
| 106|0x000000070a200000, 0x000000070a200000, 0x000000070a300000|  0%| F|  |TAMS 0x000000070a200000, 0x000000070a200000| Untracked 
| 107|0x000000070a300000, 0x000000070a300000, 0x000000070a400000|  0%| F|  |TAMS 0x000000070a300000, 0x000000070a300000| Untracked 
| 108|0x000000070a400000, 0x000000070a400000, 0x000000070a500000|  0%| F|  |TAMS 0x000000070a400000, 0x000000070a400000| Untracked 
| 109|0x000000070a500000, 0x000000070a500000, 0x000000070a600000|  0%| F|  |TAMS 0x000000070a500000, 0x000000070a500000| Untracked 
| 110|0x000000070a600000, 0x000000070a600000, 0x000000070a700000|  0%| F|  |TAMS 0x000000070a600000, 0x000000070a600000| Untracked 
| 111|0x000000070a700000, 0x000000070a700000, 0x000000070a800000|  0%| F|  |TAMS 0x000000070a700000, 0x000000070a700000| Untracked 
| 112|0x000000070a800000, 0x000000070a800000, 0x000000070a900000|  0%| F|  |TAMS 0x000000070a800000, 0x000000070a800000| Untracked 
| 113|0x000000070a900000, 0x000000070a900000, 0x000000070aa00000|  0%| F|  |TAMS 0x000000070a900000, 0x000000070a900000| Untracked 
| 114|0x000000070aa00000, 0x000000070aa00000, 0x000000070ab00000|  0%| F|  |TAMS 0x000000070aa00000, 0x000000070aa00000| Untracked 
| 115|0x000000070ab00000, 0x000000070ab00000, 0x000000070ac00000|  0%| F|  |TAMS 0x000000070ab00000, 0x000000070ab00000| Untracked 
| 116|0x000000070ac00000, 0x000000070ac00000, 0x000000070ad00000|  0%| F|  |TAMS 0x000000070ac00000, 0x000000070ac00000| Untracked 
| 117|0x000000070ad00000, 0x000000070ad00000, 0x000000070ae00000|  0%| F|  |TAMS 0x000000070ad00000, 0x000000070ad00000| Untracked 
| 118|0x000000070ae00000, 0x000000070ae00000, 0x000000070af00000|  0%| F|  |TAMS 0x000000070ae00000, 0x000000070ae00000| Untracked 
| 119|0x000000070af00000, 0x000000070af00000, 0x000000070b000000|  0%| F|  |TAMS 0x000000070af00000, 0x000000070af00000| Untracked 
| 120|0x000000070b000000, 0x000000070b000000, 0x000000070b100000|  0%| F|  |TAMS 0x000000070b000000, 0x000000070b000000| Untracked 
| 121|0x000000070b100000, 0x000000070b100000, 0x000000070b200000|  0%| F|  |TAMS 0x000000070b100000, 0x000000070b100000| Untracked 
| 122|0x000000070b200000, 0x000000070b200000, 0x000000070b300000|  0%| F|  |TAMS 0x000000070b200000, 0x000000070b200000| Untracked 
| 123|0x000000070b300000, 0x000000070b300000, 0x000000070b400000|  0%| F|  |TAMS 0x000000070b300000, 0x000000070b300000| Untracked 
| 124|0x000000070b400000, 0x000000070b400000, 0x000000070b500000|  0%| F|  |TAMS 0x000000070b400000, 0x000000070b400000| Untracked 
| 125|0x000000070b500000, 0x000000070b500000, 0x000000070b600000|  0%| F|  |TAMS 0x000000070b500000, 0x000000070b500000| Untracked 
| 126|0x000000070b600000, 0x000000070b600000, 0x000000070b700000|  0%| F|  |TAMS 0x000000070b600000, 0x000000070b600000| Untracked 
| 127|0x000000070b700000, 0x000000070b700000, 0x000000070b800000|  0%| F|  |TAMS 0x000000070b700000, 0x000000070b700000| Untracked 
| 128|0x000000070b800000, 0x000000070b800000, 0x000000070b900000|  0%| F|  |TAMS 0x000000070b800000, 0x000000070b800000| Untracked 
| 129|0x000000070b900000, 0x000000070b900000, 0x000000070ba00000|  0%| F|  |TAMS 0x000000070b900000, 0x000000070b900000| Untracked 
| 130|0x000000070ba00000, 0x000000070ba00000, 0x000000070bb00000|  0%| F|  |TAMS 0x000000070ba00000, 0x000000070ba00000| Untracked 
| 131|0x000000070bb00000, 0x000000070bb00000, 0x000000070bc00000|  0%| F|  |TAMS 0x000000070bb00000, 0x000000070bb00000| Untracked 
| 132|0x000000070bc00000, 0x000000070bc00000, 0x000000070bd00000|  0%| F|  |TAMS 0x000000070bc00000, 0x000000070bc00000| Untracked 
| 133|0x000000070bd00000, 0x000000070bd00000, 0x000000070be00000|  0%| F|  |TAMS 0x000000070bd00000, 0x000000070bd00000| Untracked 
| 134|0x000000070be00000, 0x000000070be00000, 0x000000070bf00000|  0%| F|  |TAMS 0x000000070be00000, 0x000000070be00000| Untracked 
| 135|0x000000070bf00000, 0x000000070bf00000, 0x000000070c000000|  0%| F|  |TAMS 0x000000070bf00000, 0x000000070bf00000| Untracked 
| 136|0x000000070c000000, 0x000000070c000000, 0x000000070c100000|  0%| F|  |TAMS 0x000000070c000000, 0x000000070c000000| Untracked 
| 137|0x000000070c100000, 0x000000070c100000, 0x000000070c200000|  0%| F|  |TAMS 0x000000070c100000, 0x000000070c100000| Untracked 
| 138|0x000000070c200000, 0x000000070c200000, 0x000000070c300000|  0%| F|  |TAMS 0x000000070c200000, 0x000000070c200000| Untracked 
| 139|0x000000070c300000, 0x000000070c300000, 0x000000070c400000|  0%| F|  |TAMS 0x000000070c300000, 0x000000070c300000| Untracked 
| 140|0x000000070c400000, 0x000000070c400000, 0x000000070c500000|  0%| F|  |TAMS 0x000000070c400000, 0x000000070c400000| Untracked 
| 141|0x000000070c500000, 0x000000070c500000, 0x000000070c600000|  0%| F|  |TAMS 0x000000070c500000, 0x000000070c500000| Untracked 
| 142|0x000000070c600000, 0x000000070c600000, 0x000000070c700000|  0%| F|  |TAMS 0x000000070c600000, 0x000000070c600000| Untracked 
| 143|0x000000070c700000, 0x000000070c700000, 0x000000070c800000|  0%| F|  |TAMS 0x000000070c700000, 0x000000070c700000| Untracked 
| 144|0x000000070c800000, 0x000000070c800000, 0x000000070c900000|  0%| F|  |TAMS 0x000000070c800000, 0x000000070c800000| Untracked 
| 145|0x000000070c900000, 0x000000070c900000, 0x000000070ca00000|  0%| F|  |TAMS 0x000000070c900000, 0x000000070c900000| Untracked 
| 146|0x000000070ca00000, 0x000000070ca00000, 0x000000070cb00000|  0%| F|  |TAMS 0x000000070ca00000, 0x000000070ca00000| Untracked 
| 147|0x000000070cb00000, 0x000000070cb00000, 0x000000070cc00000|  0%| F|  |TAMS 0x000000070cb00000, 0x000000070cb00000| Untracked 
| 148|0x000000070cc00000, 0x000000070cc00000, 0x000000070cd00000|  0%| F|  |TAMS 0x000000070cc00000, 0x000000070cc00000| Untracked 
| 149|0x000000070cd00000, 0x000000070cd00000, 0x000000070ce00000|  0%| F|  |TAMS 0x000000070cd00000, 0x000000070cd00000| Untracked 
| 150|0x000000070ce00000, 0x000000070ce00000, 0x000000070cf00000|  0%| F|  |TAMS 0x000000070ce00000, 0x000000070ce00000| Untracked 
| 151|0x000000070cf00000, 0x000000070cf00000, 0x000000070d000000|  0%| F|  |TAMS 0x000000070cf00000, 0x000000070cf00000| Untracked 
| 152|0x000000070d000000, 0x000000070d000000, 0x000000070d100000|  0%| F|  |TAMS 0x000000070d000000, 0x000000070d000000| Untracked 
| 153|0x000000070d100000, 0x000000070d100000, 0x000000070d200000|  0%| F|  |TAMS 0x000000070d100000, 0x000000070d100000| Untracked 
| 154|0x000000070d200000, 0x000000070d200000, 0x000000070d300000|  0%| F|  |TAMS 0x000000070d200000, 0x000000070d200000| Untracked 
| 155|0x000000070d300000, 0x000000070d300000, 0x000000070d400000|  0%| F|  |TAMS 0x000000070d300000, 0x000000070d300000| Untracked 
| 156|0x000000070d400000, 0x000000070d400000, 0x000000070d500000|  0%| F|  |TAMS 0x000000070d400000, 0x000000070d400000| Untracked 
| 157|0x000000070d500000, 0x000000070d500000, 0x000000070d600000|  0%| F|  |TAMS 0x000000070d500000, 0x000000070d500000| Untracked 
| 158|0x000000070d600000, 0x000000070d600000, 0x000000070d700000|  0%| F|  |TAMS 0x000000070d600000, 0x000000070d600000| Untracked 
| 159|0x000000070d700000, 0x000000070d700000, 0x000000070d800000|  0%| F|  |TAMS 0x000000070d700000, 0x000000070d700000| Untracked 
| 160|0x000000070d800000, 0x000000070d800000, 0x000000070d900000|  0%| F|  |TAMS 0x000000070d800000, 0x000000070d800000| Untracked 
| 161|0x000000070d900000, 0x000000070d900000, 0x000000070da00000|  0%| F|  |TAMS 0x000000070d900000, 0x000000070d900000| Untracked 
| 162|0x000000070da00000, 0x000000070da00000, 0x000000070db00000|  0%| F|  |TAMS 0x000000070da00000, 0x000000070da00000| Untracked 
| 163|0x000000070db00000, 0x000000070db00000, 0x000000070dc00000|  0%| F|  |TAMS 0x000000070db00000, 0x000000070db00000| Untracked 
| 164|0x000000070dc00000, 0x000000070dc00000, 0x000000070dd00000|  0%| F|  |TAMS 0x000000070dc00000, 0x000000070dc00000| Untracked 
| 165|0x000000070dd00000, 0x000000070dd00000, 0x000000070de00000|  0%| F|  |TAMS 0x000000070dd00000, 0x000000070dd00000| Untracked 
| 166|0x000000070de00000, 0x000000070de00000, 0x000000070df00000|  0%| F|  |TAMS 0x000000070de00000, 0x000000070de00000| Untracked 
| 167|0x000000070df00000, 0x000000070df00000, 0x000000070e000000|  0%| F|  |TAMS 0x000000070df00000, 0x000000070df00000| Untracked 
| 168|0x000000070e000000, 0x000000070e000000, 0x000000070e100000|  0%| F|  |TAMS 0x000000070e000000, 0x000000070e000000| Untracked 
| 169|0x000000070e100000, 0x000000070e100000, 0x000000070e200000|  0%| F|  |TAMS 0x000000070e100000, 0x000000070e100000| Untracked 
| 170|0x000000070e200000, 0x000000070e200000, 0x000000070e300000|  0%| F|  |TAMS 0x000000070e200000, 0x000000070e200000| Untracked 
| 171|0x000000070e300000, 0x000000070e300000, 0x000000070e400000|  0%| F|  |TAMS 0x000000070e300000, 0x000000070e300000| Untracked 
| 172|0x000000070e400000, 0x000000070e400000, 0x000000070e500000|  0%| F|  |TAMS 0x000000070e400000, 0x000000070e400000| Untracked 
| 173|0x000000070e500000, 0x000000070e500000, 0x000000070e600000|  0%| F|  |TAMS 0x000000070e500000, 0x000000070e500000| Untracked 
| 174|0x000000070e600000, 0x000000070e600000, 0x000000070e700000|  0%| F|  |TAMS 0x000000070e600000, 0x000000070e600000| Untracked 
| 175|0x000000070e700000, 0x000000070e700000, 0x000000070e800000|  0%| F|  |TAMS 0x000000070e700000, 0x000000070e700000| Untracked 
| 176|0x000000070e800000, 0x000000070e800000, 0x000000070e900000|  0%| F|  |TAMS 0x000000070e800000, 0x000000070e800000| Untracked 
| 177|0x000000070e900000, 0x000000070e900000, 0x000000070ea00000|  0%| F|  |TAMS 0x000000070e900000, 0x000000070e900000| Untracked 
| 178|0x000000070ea00000, 0x000000070ea00000, 0x000000070eb00000|  0%| F|  |TAMS 0x000000070ea00000, 0x000000070ea00000| Untracked 
| 179|0x000000070eb00000, 0x000000070eb00000, 0x000000070ec00000|  0%| F|  |TAMS 0x000000070eb00000, 0x000000070eb00000| Untracked 
| 180|0x000000070ec00000, 0x000000070ec00000, 0x000000070ed00000|  0%| F|  |TAMS 0x000000070ec00000, 0x000000070ec00000| Untracked 
| 181|0x000000070ed00000, 0x000000070ed00000, 0x000000070ee00000|  0%| F|  |TAMS 0x000000070ed00000, 0x000000070ed00000| Untracked 
| 182|0x000000070ee00000, 0x000000070ee00000, 0x000000070ef00000|  0%| F|  |TAMS 0x000000070ee00000, 0x000000070ee00000| Untracked 
| 183|0x000000070ef00000, 0x000000070ef00000, 0x000000070f000000|  0%| F|  |TAMS 0x000000070ef00000, 0x000000070ef00000| Untracked 
| 184|0x000000070f000000, 0x000000070f000000, 0x000000070f100000|  0%| F|  |TAMS 0x000000070f000000, 0x000000070f000000| Untracked 
| 185|0x000000070f100000, 0x000000070f100000, 0x000000070f200000|  0%| F|  |TAMS 0x000000070f100000, 0x000000070f100000| Untracked 
| 186|0x000000070f200000, 0x000000070f200000, 0x000000070f300000|  0%| F|  |TAMS 0x000000070f200000, 0x000000070f200000| Untracked 
| 187|0x000000070f300000, 0x000000070f300000, 0x000000070f400000|  0%| F|  |TAMS 0x000000070f300000, 0x000000070f300000| Untracked 
| 188|0x000000070f400000, 0x000000070f400000, 0x000000070f500000|  0%| F|  |TAMS 0x000000070f400000, 0x000000070f400000| Untracked 
| 189|0x000000070f500000, 0x000000070f500000, 0x000000070f600000|  0%| F|  |TAMS 0x000000070f500000, 0x000000070f500000| Untracked 
| 190|0x000000070f600000, 0x000000070f600000, 0x000000070f700000|  0%| F|  |TAMS 0x000000070f600000, 0x000000070f600000| Untracked 
| 191|0x000000070f700000, 0x000000070f700000, 0x000000070f800000|  0%| F|  |TAMS 0x000000070f700000, 0x000000070f700000| Untracked 
| 192|0x000000070f800000, 0x000000070f800000, 0x000000070f900000|  0%| F|  |TAMS 0x000000070f800000, 0x000000070f800000| Untracked 
| 193|0x000000070f900000, 0x000000070f900000, 0x000000070fa00000|  0%| F|  |TAMS 0x000000070f900000, 0x000000070f900000| Untracked 
| 194|0x000000070fa00000, 0x000000070fa00000, 0x000000070fb00000|  0%| F|  |TAMS 0x000000070fa00000, 0x000000070fa00000| Untracked 
| 195|0x000000070fb00000, 0x000000070fb00000, 0x000000070fc00000|  0%| F|  |TAMS 0x000000070fb00000, 0x000000070fb00000| Untracked 
| 196|0x000000070fc00000, 0x000000070fc00000, 0x000000070fd00000|  0%| F|  |TAMS 0x000000070fc00000, 0x000000070fc00000| Untracked 
| 197|0x000000070fd00000, 0x000000070fd00000, 0x000000070fe00000|  0%| F|  |TAMS 0x000000070fd00000, 0x000000070fd00000| Untracked 
| 198|0x000000070fe00000, 0x000000070fe00000, 0x000000070ff00000|  0%| F|  |TAMS 0x000000070fe00000, 0x000000070fe00000| Untracked 
| 199|0x000000070ff00000, 0x000000070ff00000, 0x0000000710000000|  0%| F|  |TAMS 0x000000070ff00000, 0x000000070ff00000| Untracked 
| 200|0x0000000710000000, 0x0000000710000000, 0x0000000710100000|  0%| F|  |TAMS 0x0000000710000000, 0x0000000710000000| Untracked 
| 201|0x0000000710100000, 0x0000000710100000, 0x0000000710200000|  0%| F|  |TAMS 0x0000000710100000, 0x0000000710100000| Untracked 
| 202|0x0000000710200000, 0x0000000710200000, 0x0000000710300000|  0%| F|  |TAMS 0x0000000710200000, 0x0000000710200000| Untracked 
| 203|0x0000000710300000, 0x0000000710300000, 0x0000000710400000|  0%| F|  |TAMS 0x0000000710300000, 0x0000000710300000| Untracked 
| 204|0x0000000710400000, 0x0000000710400000, 0x0000000710500000|  0%| F|  |TAMS 0x0000000710400000, 0x0000000710400000| Untracked 
| 205|0x0000000710500000, 0x0000000710500000, 0x0000000710600000|  0%| F|  |TAMS 0x0000000710500000, 0x0000000710500000| Untracked 
| 206|0x0000000710600000, 0x0000000710600000, 0x0000000710700000|  0%| F|  |TAMS 0x0000000710600000, 0x0000000710600000| Untracked 
| 207|0x0000000710700000, 0x0000000710700000, 0x0000000710800000|  0%| F|  |TAMS 0x0000000710700000, 0x0000000710700000| Untracked 
| 208|0x0000000710800000, 0x0000000710800000, 0x0000000710900000|  0%| F|  |TAMS 0x0000000710800000, 0x0000000710800000| Untracked 
| 209|0x0000000710900000, 0x0000000710900000, 0x0000000710a00000|  0%| F|  |TAMS 0x0000000710900000, 0x0000000710900000| Untracked 
| 210|0x0000000710a00000, 0x0000000710a00000, 0x0000000710b00000|  0%| F|  |TAMS 0x0000000710a00000, 0x0000000710a00000| Untracked 
| 211|0x0000000710b00000, 0x0000000710b00000, 0x0000000710c00000|  0%| F|  |TAMS 0x0000000710b00000, 0x0000000710b00000| Untracked 
| 212|0x0000000710c00000, 0x0000000710c00000, 0x0000000710d00000|  0%| F|  |TAMS 0x0000000710c00000, 0x0000000710c00000| Untracked 
| 213|0x0000000710d00000, 0x0000000710d00000, 0x0000000710e00000|  0%| F|  |TAMS 0x0000000710d00000, 0x0000000710d00000| Untracked 
| 214|0x0000000710e00000, 0x0000000710e00000, 0x0000000710f00000|  0%| F|  |TAMS 0x0000000710e00000, 0x0000000710e00000| Untracked 
| 215|0x0000000710f00000, 0x0000000710f00000, 0x0000000711000000|  0%| F|  |TAMS 0x0000000710f00000, 0x0000000710f00000| Untracked 
| 216|0x0000000711000000, 0x0000000711000000, 0x0000000711100000|  0%| F|  |TAMS 0x0000000711000000, 0x0000000711000000| Untracked 
| 217|0x0000000711100000, 0x0000000711100000, 0x0000000711200000|  0%| F|  |TAMS 0x0000000711100000, 0x0000000711100000| Untracked 
| 218|0x0000000711200000, 0x0000000711200000, 0x0000000711300000|  0%| F|  |TAMS 0x0000000711200000, 0x0000000711200000| Untracked 
| 219|0x0000000711300000, 0x0000000711300000, 0x0000000711400000|  0%| F|  |TAMS 0x0000000711300000, 0x0000000711300000| Untracked 
| 220|0x0000000711400000, 0x0000000711400000, 0x0000000711500000|  0%| F|  |TAMS 0x0000000711400000, 0x0000000711400000| Untracked 
| 221|0x0000000711500000, 0x0000000711500000, 0x0000000711600000|  0%| F|  |TAMS 0x0000000711500000, 0x0000000711500000| Untracked 
| 222|0x0000000711600000, 0x0000000711600000, 0x0000000711700000|  0%| F|  |TAMS 0x0000000711600000, 0x0000000711600000| Untracked 
| 223|0x0000000711700000, 0x0000000711700000, 0x0000000711800000|  0%| F|  |TAMS 0x0000000711700000, 0x0000000711700000| Untracked 
| 224|0x0000000711800000, 0x0000000711800000, 0x0000000711900000|  0%| F|  |TAMS 0x0000000711800000, 0x0000000711800000| Untracked 
| 225|0x0000000711900000, 0x0000000711900000, 0x0000000711a00000|  0%| F|  |TAMS 0x0000000711900000, 0x0000000711900000| Untracked 
| 226|0x0000000711a00000, 0x0000000711a00000, 0x0000000711b00000|  0%| F|  |TAMS 0x0000000711a00000, 0x0000000711a00000| Untracked 
| 227|0x0000000711b00000, 0x0000000711c00000, 0x0000000711c00000|100%| S|CS|TAMS 0x0000000711b00000, 0x0000000711b00000| Complete 
| 228|0x0000000711c00000, 0x0000000711d00000, 0x0000000711d00000|100%| S|CS|TAMS 0x0000000711c00000, 0x0000000711c00000| Complete 
| 229|0x0000000711d00000, 0x0000000711e00000, 0x0000000711e00000|100%| S|CS|TAMS 0x0000000711d00000, 0x0000000711d00000| Complete 
| 230|0x0000000711e00000, 0x0000000711e81068, 0x0000000711f00000| 50%| E|  |TAMS 0x0000000711e00000, 0x0000000711e00000| Complete 
| 231|0x0000000711f00000, 0x0000000712000000, 0x0000000712000000|100%| E|CS|TAMS 0x0000000711f00000, 0x0000000711f00000| Complete 
| 232|0x0000000712000000, 0x0000000712100000, 0x0000000712100000|100%| E|CS|TAMS 0x0000000712000000, 0x0000000712000000| Complete 
| 233|0x0000000712100000, 0x0000000712200000, 0x0000000712200000|100%| E|CS|TAMS 0x0000000712100000, 0x0000000712100000| Complete 
| 234|0x0000000712200000, 0x0000000712300000, 0x0000000712300000|100%| E|CS|TAMS 0x0000000712200000, 0x0000000712200000| Complete 
| 235|0x0000000712300000, 0x0000000712400000, 0x0000000712400000|100%| E|CS|TAMS 0x0000000712300000, 0x0000000712300000| Complete 
| 236|0x0000000712400000, 0x0000000712500000, 0x0000000712500000|100%| E|CS|TAMS 0x0000000712400000, 0x0000000712400000| Complete 
| 237|0x0000000712500000, 0x0000000712600000, 0x0000000712600000|100%| E|CS|TAMS 0x0000000712500000, 0x0000000712500000| Complete 
| 238|0x0000000712600000, 0x0000000712700000, 0x0000000712700000|100%| E|CS|TAMS 0x0000000712600000, 0x0000000712600000| Complete 
| 239|0x0000000712700000, 0x0000000712800000, 0x0000000712800000|100%| E|CS|TAMS 0x0000000712700000, 0x0000000712700000| Complete 
| 240|0x0000000712800000, 0x0000000712900000, 0x0000000712900000|100%| E|CS|TAMS 0x0000000712800000, 0x0000000712800000| Complete 
| 241|0x0000000712900000, 0x0000000712a00000, 0x0000000712a00000|100%| E|CS|TAMS 0x0000000712900000, 0x0000000712900000| Complete 
| 242|0x0000000712a00000, 0x0000000712b00000, 0x0000000712b00000|100%| E|CS|TAMS 0x0000000712a00000, 0x0000000712a00000| Complete 
| 243|0x0000000712b00000, 0x0000000712c00000, 0x0000000712c00000|100%| E|CS|TAMS 0x0000000712b00000, 0x0000000712b00000| Complete 
| 244|0x0000000712c00000, 0x0000000712d00000, 0x0000000712d00000|100%| E|CS|TAMS 0x0000000712c00000, 0x0000000712c00000| Complete 
| 245|0x0000000712d00000, 0x0000000712e00000, 0x0000000712e00000|100%| E|CS|TAMS 0x0000000712d00000, 0x0000000712d00000| Complete 
| 246|0x0000000712e00000, 0x0000000712f00000, 0x0000000712f00000|100%| E|CS|TAMS 0x0000000712e00000, 0x0000000712e00000| Complete 
| 247|0x0000000712f00000, 0x0000000713000000, 0x0000000713000000|100%| E|CS|TAMS 0x0000000712f00000, 0x0000000712f00000| Complete 
| 248|0x0000000713000000, 0x0000000713100000, 0x0000000713100000|100%| E|CS|TAMS 0x0000000713000000, 0x0000000713000000| Complete 
| 249|0x0000000713100000, 0x0000000713200000, 0x0000000713200000|100%| E|CS|TAMS 0x0000000713100000, 0x0000000713100000| Complete 
| 250|0x0000000713200000, 0x0000000713300000, 0x0000000713300000|100%| E|CS|TAMS 0x0000000713200000, 0x0000000713200000| Complete 
| 251|0x0000000713300000, 0x0000000713400000, 0x0000000713400000|100%| E|CS|TAMS 0x0000000713300000, 0x0000000713300000| Complete 
| 252|0x0000000713400000, 0x0000000713500000, 0x0000000713500000|100%| E|CS|TAMS 0x0000000713400000, 0x0000000713400000| Complete 
| 253|0x0000000713500000, 0x0000000713600000, 0x0000000713600000|100%| E|CS|TAMS 0x0000000713500000, 0x0000000713500000| Complete 

Card table byte_map: [0x000001cdcde00000,0x000001cdce5f0000] _byte_map_base: 0x000001cdca5e4000

Marking Bits (Prev, Next): (CMBitMap*) 0x000001cdb3f01348, (CMBitMap*) 0x000001cdb3f01388
 Prev Bits: [0x000001cdcede0000, 0x000001cdd2d00000)
 Next Bits: [0x000001cdd2d00000, 0x000001cdd6c20000)

Polling page: 0x000001cdb3c60000

Metaspace:

Usage:
  Non-class:      8.07 MB capacity,     7.91 MB ( 98%) used,   141.64 KB (  2%) free+waste,    13.69 KB ( <1%) overhead. 
      Class:    965.00 KB capacity,   896.90 KB ( 93%) used,    61.48 KB (  6%) free+waste,     6.63 KB ( <1%) overhead. 
       Both:      9.01 MB capacity,     8.79 MB ( 98%) used,   203.12 KB (  2%) free+waste,    20.31 KB ( <1%) overhead. 

Virtual space:
  Non-class space:       10.00 MB reserved,       8.25 MB ( 83%) committed 
      Class space:        1.00 GB reserved,       1.00 MB ( <1%) committed 
             Both:        1.01 GB reserved,       9.25 MB ( <1%) committed 

Chunk freelists:
   Non-Class:  61.00 KB
       Class:  0 bytes
        Both:  61.00 KB

MaxMetaspaceSize: 17179869184.00 GB
CompressedClassSpaceSize: 1.00 GB

CodeHeap 'non-profiled nmethods': size=120000Kb used=767Kb max_used=773Kb free=119232Kb
 bounds [0x000001cdc5660000, 0x000001cdc58d0000, 0x000001cdccb90000]
CodeHeap 'profiled nmethods': size=120000Kb used=2875Kb max_used=2875Kb free=117124Kb
 bounds [0x000001cdbe130000, 0x000001cdbe400000, 0x000001cdc5660000]
CodeHeap 'non-nmethods': size=5760Kb used=1244Kb max_used=1313Kb free=4515Kb
 bounds [0x000001cdbdb90000, 0x000001cdbde00000, 0x000001cdbe130000]
 total_blobs=2435 nmethods=1351 adapters=323
 compilation: enabled
              stopped_count=0, restarted_count=0
 full_count=0

Compilation events (20 events):
Event: 0.998 Thread 0x000001cdda054800 nmethod 1344 0x000001cdc5703d10 code [0x000001cdc5703ea0, 0x000001cdc5703f48]
Event: 0.998 Thread 0x000001cdda05a000 nmethod 1345 0x000001cdbe3f8d10 code [0x000001cdbe3f8f00, 0x000001cdbe3f9678]
Event: 0.998 Thread 0x000001cdda05a000 1346       3       jdk.internal.loader.BuiltinClassLoader::defineClass (121 bytes)
Event: 0.999 Thread 0x000001cdda05a000 nmethod 1346 0x000001cdbe3f9810 code [0x000001cdbe3f9b40, 0x000001cdbe3fb1f0]
Event: 1.004 Thread 0x000001cdda05a000 1347       3       java.lang.PublicMethods$MethodList::<init> (10 bytes)
Event: 1.005 Thread 0x000001cdda05a000 nmethod 1347 0x000001cdbe3fb990 code [0x000001cdbe3fbb40, 0x000001cdbe3fbd78]
Event: 1.005 Thread 0x000001cdda05a000 1348       3       java.lang.PublicMethods$MethodList::merge (192 bytes)
Event: 1.005 Thread 0x000001cdda05a000 nmethod 1348 0x000001cdbe3fbe10 code [0x000001cdbe3fc080, 0x000001cdbe3fcc10]
Event: 1.005 Thread 0x000001cdda05a000 1349       3       java.lang.PublicMethods::merge (81 bytes)
Event: 1.006 Thread 0x000001cdda05a000 nmethod 1349 0x000001cdbe3fd090 code [0x000001cdbe3fd300, 0x000001cdbe3fdf50]
Event: 1.010 Thread 0x000001cdda05a000 1350       3       sun.nio.cs.SingleByte$Encoder::encode (32 bytes)
Event: 1.011 Thread 0x000001cdda05a000 nmethod 1350 0x000001cdbe3fe410 code [0x000001cdbe3fe5c0, 0x000001cdbe3fe7f8]
Event: 1.011 Thread 0x000001cdda05a000 1351       3       jdk.internal.reflect.ConstructorAccessorImpl::<init> (5 bytes)
Event: 1.011 Thread 0x000001cdda05a000 nmethod 1351 0x000001cdbe3fe910 code [0x000001cdbe3feac0, 0x000001cdbe3fecf8]
Event: 1.017 Thread 0x000001cdda9c3800 nmethod 1324 0x000001cdc5704010 code [0x000001cdc57041e0, 0x000001cdc57060d8]
Event: 1.224 Thread 0x000001cdda9ff800 nmethod 638 0x000001cdc5706810 code [0x000001cdc5707100, 0x000001cdc57169c8]
Event: 3879.251 Thread 0x000001cdda054800 1352       4       org.eclipse.jdt.launching.internal.org.objectweb.asm.MethodWriter::visitLdcInsn (215 bytes)
Event: 3879.264 Thread 0x000001cdda054800 nmethod 1352 0x000001cdc571fc90 code [0x000001cdc571fe80, 0x000001cdc5720a88]
Event: 4486.228 Thread 0x000001cdda054800 1354       4       org.eclipse.jdt.launching.internal.org.objectweb.asm.ClassReader::<init> (371 bytes)
Event: 4486.247 Thread 0x000001cdda054800 nmethod 1354 0x000001cdc56b8110 code [0x000001cdc56b82e0, 0x000001cdc56b9248]

GC Heap History (2 events):
Event: 0.656 GC heap before
{Heap before GC invocations=0 (full 0):
 garbage-first heap   total 260096K, used 27648K [0x0000000703800000, 0x0000000800000000)
  region size 1024K, 24 young (24576K), 0 survivors (0K)
 Metaspace       used 4595K, capacity 6483K, committed 6528K, reserved 1056768K
  class space    used 422K, capacity 605K, committed 640K, reserved 1048576K
}
Event: 0.658 GC heap after
{Heap after GC invocations=1 (full 0):
 garbage-first heap   total 260096K, used 7107K [0x0000000703800000, 0x0000000800000000)
  region size 1024K, 3 young (3072K), 3 survivors (3072K)
 Metaspace       used 4595K, capacity 6483K, committed 6528K, reserved 1056768K
  class space    used 422K, capacity 605K, committed 640K, reserved 1048576K
}

Deoptimization events (20 events):
Event: 0.989 Thread 0x000001cdb3e98800 DEOPT PACKING pc=0x000001cdc5676094 sp=0x00000034f14fdc50
Event: 0.989 Thread 0x000001cdb3e98800 DEOPT UNPACKING pc=0x000001cdbdbd912f sp=0x00000034f14fdb88 mode 2
Event: 0.989 Thread 0x000001cdb3e98800 Uncommon trap: trap_request=0xffffff45 fr.pc=0x000001cdc5676ec0 relative=0x0000000000000400
Event: 0.989 Thread 0x000001cdb3e98800 Uncommon trap: reason=unstable_if action=reinterpret pc=0x000001cdc5676ec0 method=java.lang.AbstractStringBuilder.isLatin1()Z @ 10 c2
Event: 0.989 Thread 0x000001cdb3e98800 DEOPT PACKING pc=0x000001cdc5676ec0 sp=0x00000034f14fdc60
Event: 0.989 Thread 0x000001cdb3e98800 DEOPT UNPACKING pc=0x000001cdbdbd912f sp=0x00000034f14fdbf0 mode 2
Event: 0.989 Thread 0x000001cdb3e98800 Uncommon trap: trap_request=0xffffff45 fr.pc=0x000001cdc56cac8c relative=0x000000000000006c
Event: 0.989 Thread 0x000001cdb3e98800 Uncommon trap: reason=unstable_if action=reinterpret pc=0x000001cdc56cac8c method=java.lang.AbstractStringBuilder.isLatin1()Z @ 10 c2
Event: 0.989 Thread 0x000001cdb3e98800 DEOPT PACKING pc=0x000001cdc56cac8c sp=0x00000034f14fdc40
Event: 0.989 Thread 0x000001cdb3e98800 DEOPT UNPACKING pc=0x000001cdbdbd912f sp=0x00000034f14fdbe0 mode 2
Event: 0.993 Thread 0x000001cdb3e98800 Uncommon trap: trap_request=0xffffff45 fr.pc=0x000001cdc56722e4 relative=0x0000000000000044
Event: 0.993 Thread 0x000001cdb3e98800 Uncommon trap: reason=unstable_if action=reinterpret pc=0x000001cdc56722e4 method=java.lang.CharacterData.of(I)Ljava/lang/CharacterData; @ 4 c2
Event: 0.993 Thread 0x000001cdb3e98800 DEOPT PACKING pc=0x000001cdc56722e4 sp=0x00000034f14fd400
Event: 0.993 Thread 0x000001cdb3e98800 DEOPT UNPACKING pc=0x000001cdbdbd912f sp=0x00000034f14fd3a0 mode 2
Event: 1.010 Thread 0x000001cdb3e98800 DEOPT PACKING pc=0x000001cdbe2a725c sp=0x00000034f14fd7b0
Event: 1.010 Thread 0x000001cdb3e98800 DEOPT UNPACKING pc=0x000001cdbdbd964e sp=0x00000034f14fcc48 mode 1
Event: 1.010 Thread 0x000001cdb3e98800 DEOPT PACKING pc=0x000001cdbe2a6304 sp=0x00000034f14fd880
Event: 1.010 Thread 0x000001cdb3e98800 DEOPT UNPACKING pc=0x000001cdbdbd964e sp=0x00000034f14fcd38 mode 1
Event: 4486.228 Thread 0x000001cdda289000 DEOPT PACKING pc=0x000001cdbe29f249 sp=0x00000034f24fde50
Event: 4486.228 Thread 0x000001cdda289000 DEOPT UNPACKING pc=0x000001cdbdbd964e sp=0x00000034f24fd3a0 mode 0

Classes unloaded (0 events):
No events

Classes redefined (8 events):
Event: 1146.726 Thread 0x000001cdd97a7800 redefined class name=config.ActionKeywords, count=1
Event: 2075.149 Thread 0x000001cdd97a7800 redefined class name=config.ActionKeywords, count=2
Event: 3012.880 Thread 0x000001cdd97a7800 redefined class name=config.ActionKeywords, count=3
Event: 3865.969 Thread 0x000001cdd97a7800 redefined class name=config.ActionKeywords, count=4
Event: 3879.253 Thread 0x000001cdd97a7800 redefined class name=config.ActionKeywords, count=5
Event: 4005.487 Thread 0x000001cdd97a7800 redefined class name=config.ActionKeywords, count=6
Event: 4486.230 Thread 0x000001cdd97a7800 redefined class name=executionEngine.DriverScript, count=1
Event: 5614.445 Thread 0x000001cdd97a7800 redefined class name=executionEngine.DriverScript, count=2

Internal exceptions (15 events):
Event: 0.929 Thread 0x000001cdb3e98800 Exception <a 'java/lang/ClassNotFoundException'{0x0000000712362560}: org/apache/log4j/RollingFileAppenderBeanInfo> (0x0000000712362560) 
thrown [t:/workspace/open/src/hotspot/share/classfile/systemDictionary.cpp, line 232]
Event: 0.929 Thread 0x000001cdb3e98800 Exception <a 'java/lang/ClassNotFoundException'{0x0000000712367718}: org/apache/log4j/FileAppenderBeanInfo> (0x0000000712367718) 
thrown [t:/workspace/open/src/hotspot/share/classfile/systemDictionary.cpp, line 232]
Event: 0.930 Thread 0x000001cdb3e98800 Exception <a 'java/lang/ClassNotFoundException'{0x000000071236cb40}: org/apache/log4j/WriterAppenderBeanInfo> (0x000000071236cb40) 
thrown [t:/workspace/open/src/hotspot/share/classfile/systemDictionary.cpp, line 232]
Event: 0.930 Thread 0x000001cdb3e98800 Exception <a 'java/lang/ClassNotFoundException'{0x0000000712372270}: org/apache/log4j/AppenderSkeletonBeanInfo> (0x0000000712372270) 
thrown [t:/workspace/open/src/hotspot/share/classfile/systemDictionary.cpp, line 232]
Event: 0.930 Thread 0x000001cdb3e98800 Exception <a 'java/lang/ClassNotFoundException'{0x0000000712372fb8}: java/lang/ObjectBeanInfo> (0x0000000712372fb8) 
thrown [t:/workspace/open/src/hotspot/share/classfile/systemDictionary.cpp, line 232]
Event: 0.931 Thread 0x000001cdb3e98800 Exception <a 'java/lang/ClassNotFoundException'{0x00000007123772e8}: java/lang/ObjectCustomizer> (0x00000007123772e8) 
thrown [t:/workspace/open/src/hotspot/share/classfile/systemDictionary.cpp, line 232]
Event: 0.935 Thread 0x000001cdb3e98800 Exception <a 'java/lang/IncompatibleClassChangeError'{0x0000000712393af8}: Found class java.lang.Object, but interface was expected> (0x0000000712393af8) 
thrown [t:/workspace/open/src/hotspot/share/interpreter/linkResolver.cpp, line 833]
Event: 0.940 Thread 0x000001cdb3e98800 Exception <a 'java/lang/ClassNotFoundException'{0x00000007123b8ac8}: org/apache/log4j/AppenderSkeletonCustomizer> (0x00000007123b8ac8) 
thrown [t:/workspace/open/src/hotspot/share/classfile/systemDictionary.cpp, line 232]
Event: 0.943 Thread 0x000001cdb3e98800 Exception <a 'java/lang/ClassNotFoundException'{0x00000007123fb600}: org/apache/log4j/WriterAppenderCustomizer> (0x00000007123fb600) 
thrown [t:/workspace/open/src/hotspot/share/classfile/systemDictionary.cpp, line 232]
Event: 0.945 Thread 0x000001cdb3e98800 Exception <a 'java/lang/ClassNotFoundException'{0x000000071220a940}: org/apache/log4j/FileAppenderCustomizer> (0x000000071220a940) 
thrown [t:/workspace/open/src/hotspot/share/classfile/systemDictionary.cpp, line 232]
Event: 0.946 Thread 0x000001cdb3e98800 Exception <a 'java/lang/ClassNotFoundException'{0x0000000712219740}: org/apache/log4j/RollingFileAppenderCustomizer> (0x0000000712219740) 
thrown [t:/workspace/open/src/hotspot/share/classfile/systemDictionary.cpp, line 232]
Event: 0.956 Thread 0x000001cdb3e98800 Exception <a 'java/lang/ClassNotFoundException'{0x00000007122da0c0}: org/apache/log4j/PatternLayoutBeanInfo> (0x00000007122da0c0) 
thrown [t:/workspace/open/src/hotspot/share/classfile/systemDictionary.cpp, line 232]
Event: 0.957 Thread 0x000001cdb3e98800 Exception <a 'java/lang/ClassNotFoundException'{0x00000007122deba0}: org/apache/log4j/LayoutBeanInfo> (0x00000007122deba0) 
thrown [t:/workspace/open/src/hotspot/share/classfile/systemDictionary.cpp, line 232]
Event: 0.957 Thread 0x000001cdb3e98800 Exception <a 'java/lang/ClassNotFoundException'{0x00000007122e36a8}: org/apache/log4j/LayoutCustomizer> (0x00000007122e36a8) 
thrown [t:/workspace/open/src/hotspot/share/classfile/systemDictionary.cpp, line 232]
Event: 0.959 Thread 0x000001cdb3e98800 Exception <a 'java/lang/ClassNotFoundException'{0x00000007122ecea0}: org/apache/log4j/PatternLayoutCustomizer> (0x00000007122ecea0) 
thrown [t:/workspace/open/src/hotspot/share/classfile/systemDictionary.cpp, line 232]

Events (20 events):
Event: 5614.719 Executing VM operation: GetFrameCount
Event: 5614.719 Executing VM operation: GetFrameCount done
Event: 5614.719 Executing VM operation: GetOwnedMonitorInfo
Event: 5614.719 Executing VM operation: GetOwnedMonitorInfo done
Event: 5614.720 Executing VM operation: GetCurrentContendedMonitor
Event: 5614.720 Executing VM operation: GetCurrentContendedMonitor done
Event: 5615.475 Executing VM operation: GetFrameLocation
Event: 5615.475 Executing VM operation: GetFrameLocation done
Event: 5615.475 Executing VM operation: get/set locals
Event: 5615.475 Executing VM operation: get/set locals done
Event: 5615.476 Executing VM operation: GetFrameLocation
Event: 5615.476 Executing VM operation: GetFrameLocation done
Event: 5615.477 Executing VM operation: get/set locals
Event: 5615.477 Executing VM operation: get/set locals done
Event: 5615.477 Executing VM operation: GetFrameLocation
Event: 5615.477 Executing VM operation: GetFrameLocation done
Event: 5615.477 Executing VM operation: get/set locals
Event: 5615.478 Executing VM operation: get/set locals done
Event: 5615.479 Executing VM operation: GetFrameLocation
Event: 5615.479 Executing VM operation: GetFrameLocation done


Dynamic libraries:
0x00007ff789c00000 - 0x00007ff789c0f000 	C:\Program Files\Java\jdk-13.0.2\bin\javaw.exe
0x00007fffcca40000 - 0x00007fffccc30000 	C:\Windows\SYSTEM32\ntdll.dll
0x00007fffcb110000 - 0x00007fffcb1c2000 	C:\Windows\System32\KERNEL32.DLL
0x00007fffca5f0000 - 0x00007fffca893000 	C:\Windows\System32\KERNELBASE.dll
0x00007fffc76f0000 - 0x00007fffc777f000 	C:\Windows\SYSTEM32\apphelp.dll
0x00007fffca8c0000 - 0x00007fffca9ba000 	C:\Windows\System32\ucrtbase.dll
0x00007fffc0c20000 - 0x00007fffc0c38000 	C:\Program Files\Java\jdk-13.0.2\bin\jli.dll
0x00007fffb7cf0000 - 0x00007fffb7d05000 	C:\Program Files\Java\jdk-13.0.2\bin\VCRUNTIME140.dll
0x00007fffcc300000 - 0x00007fffcc3a3000 	C:\Windows\System32\ADVAPI32.dll
0x00007fffcb070000 - 0x00007fffcb10e000 	C:\Windows\System32\msvcrt.dll
0x00007fffcbb10000 - 0x00007fffcbba7000 	C:\Windows\System32\sechost.dll
0x00007fffcacf0000 - 0x00007fffcae10000 	C:\Windows\System32\RPCRT4.dll
0x00007fffcaaf0000 - 0x00007fffcac84000 	C:\Windows\System32\USER32.dll
0x00007fffc9a20000 - 0x00007fffc9a41000 	C:\Windows\System32\win32u.dll
0x00007fffcc9d0000 - 0x00007fffcc9f6000 	C:\Windows\System32\GDI32.dll
0x00007fffae080000 - 0x00007fffae305000 	C:\Windows\WinSxS\amd64_microsoft.windows.common-controls_6595b64144ccf1df_6.0.18362.778_none_e6c6b761130d4fb8\COMCTL32.dll
0x00007fffca270000 - 0x00007fffca404000 	C:\Windows\System32\gdi32full.dll
0x00007fffcb1e0000 - 0x00007fffcb516000 	C:\Windows\System32\combase.dll
0x00007fffc9a50000 - 0x00007fffc9aee000 	C:\Windows\System32\msvcp_win.dll
0x00007fffca9c0000 - 0x00007fffcaa40000 	C:\Windows\System32\bcryptPrimitives.dll
0x00007fffbfb70000 - 0x00007fffbfb7a000 	C:\Windows\SYSTEM32\VERSION.dll
0x00007fffcb040000 - 0x00007fffcb06e000 	C:\Windows\System32\IMM32.DLL
0x00007fff9c720000 - 0x00007fff9c7bb000 	C:\Program Files\Java\jdk-13.0.2\bin\msvcp140.dll
0x00007fff678d0000 - 0x00007fff6842d000 	C:\Program Files\Java\jdk-13.0.2\bin\server\jvm.dll
0x00007fffcb5a0000 - 0x00007fffcb5a8000 	C:\Windows\System32\PSAPI.DLL
0x00007fffaba60000 - 0x00007fffaba69000 	C:\Windows\SYSTEM32\WSOCK32.dll
0x00007fffc75f0000 - 0x00007fffc7614000 	C:\Windows\SYSTEM32\WINMM.dll
0x00007fffcb5c0000 - 0x00007fffcb62f000 	C:\Windows\System32\WS2_32.dll
0x00007fffc75c0000 - 0x00007fffc75ed000 	C:\Windows\SYSTEM32\winmmbase.dll
0x00007fffc99d0000 - 0x00007fffc9a1a000 	C:\Windows\System32\cfgmgr32.dll
0x00007fffc9910000 - 0x00007fffc9921000 	C:\Windows\System32\kernel.appcore.dll
0x00007fffc2a50000 - 0x00007fffc2a60000 	C:\Program Files\Java\jdk-13.0.2\bin\verify.dll
0x00007fffc80d0000 - 0x00007fffc82c4000 	C:\Windows\SYSTEM32\DBGHELP.DLL
0x00007fffab4e0000 - 0x00007fffab50a000 	C:\Windows\SYSTEM32\dbgcore.DLL
0x00007fffb7170000 - 0x00007fffb7196000 	C:\Program Files\Java\jdk-13.0.2\bin\java.dll
0x00007fffb7230000 - 0x00007fffb7268000 	C:\Program Files\Java\jdk-13.0.2\bin\jdwp.dll
0x00007fffc3a40000 - 0x00007fffc3a4e000 	C:\Program Files\Java\jdk-13.0.2\bin\instrument.dll
0x00007fffb7370000 - 0x00007fffb7387000 	C:\Program Files\Java\jdk-13.0.2\bin\zip.dll
0x00007fffc29d0000 - 0x00007fffc29da000 	C:\Program Files\Java\jdk-13.0.2\bin\jimage.dll
0x00007fffcbbb0000 - 0x00007fffcc295000 	C:\Windows\System32\SHELL32.dll
0x00007fffcb700000 - 0x00007fffcb7a9000 	C:\Windows\System32\shcore.dll
0x00007fffc9af0000 - 0x00007fffca270000 	C:\Windows\System32\windows.storage.dll
0x00007fffc9980000 - 0x00007fffc99a3000 	C:\Windows\System32\profapi.dll
0x00007fffc9930000 - 0x00007fffc997a000 	C:\Windows\System32\powrprof.dll
0x00007fffc9900000 - 0x00007fffc9910000 	C:\Windows\System32\UMPDC.dll
0x00007fffcc2a0000 - 0x00007fffcc2f2000 	C:\Windows\System32\shlwapi.dll
0x00007fffca8a0000 - 0x00007fffca8b7000 	C:\Windows\System32\cryptsp.dll
0x00007fffb7cb0000 - 0x00007fffb7cbb000 	C:\Program Files\Java\jdk-13.0.2\bin\dt_socket.dll
0x00007fffc9170000 - 0x00007fffc91d7000 	C:\Windows\system32\mswsock.dll
0x00007fffc8ed0000 - 0x00007fffc8f9a000 	C:\Windows\SYSTEM32\DNSAPI.dll
0x00007fffcb1d0000 - 0x00007fffcb1d8000 	C:\Windows\System32\NSI.dll
0x00007fffc8e80000 - 0x00007fffc8eba000 	C:\Windows\SYSTEM32\IPHLPAPI.DLL
0x00007fffc2820000 - 0x00007fffc282a000 	C:\Windows\System32\rasadhlp.dll
0x00007fffbb5b0000 - 0x00007fffbb627000 	C:\Windows\System32\fwpuclnt.dll
0x00007fffca5c0000 - 0x00007fffca5e6000 	C:\Windows\System32\bcrypt.dll
0x00007fffb72e0000 - 0x00007fffb72f9000 	C:\Program Files\Java\jdk-13.0.2\bin\net.dll
0x00007fffc33d0000 - 0x00007fffc34c0000 	C:\Windows\SYSTEM32\WINHTTP.dll
0x00007fffb70e0000 - 0x00007fffb70f3000 	C:\Program Files\Java\jdk-13.0.2\bin\nio.dll

dbghelp: loaded successfully - version: 4.0.5 - missing functions: none
symbol engine: initialized successfully - sym options: 0x614 - pdb path: .;C:\Program Files\Java\jdk-13.0.2\bin;C:\Windows\SYSTEM32;C:\Windows\WinSxS\amd64_microsoft.windows.common-controls_6595b64144ccf1df_6.0.18362.778_none_e6c6b761130d4fb8;C:\Program Files\Java\jdk-13.0.2\bin\server

VM Arguments:
jvm_args: -agentlib:jdwp=transport=dt_socket,suspend=y,address=localhost:55562 -javaagent:C:\Users\shrey\eclipse\java-2020-03\eclipse\configuration\org.eclipse.osgi\223\0\.cp\lib\javaagent-shaded.jar -Dfile.encoding=Cp1252 
java_command: executionEngine.DriverScript
java_class_path (initial): C:\Users\shrey\eclipse-workspace2\fluxQA\target\classes;C:\Users\shrey\.m2\repository\org\seleniumhq\selenium\selenium-java\3.7.1\selenium-java-3.7.1.jar;C:\Users\shrey\.m2\repository\org\seleniumhq\selenium\selenium-api\3.7.1\selenium-api-3.7.1.jar;C:\Users\shrey\.m2\repository\org\seleniumhq\selenium\selenium-chrome-driver\3.7.1\selenium-chrome-driver-3.7.1.jar;C:\Users\shrey\.m2\repository\org\seleniumhq\selenium\selenium-edge-driver\3.7.1\selenium-edge-driver-3.7.1.jar;C:\Users\shrey\.m2\repository\org\seleniumhq\selenium\selenium-firefox-driver\3.7.1\selenium-firefox-driver-3.7.1.jar;C:\Users\shrey\.m2\repository\org\seleniumhq\selenium\selenium-ie-driver\3.7.1\selenium-ie-driver-3.7.1.jar;C:\Users\shrey\.m2\repository\org\seleniumhq\selenium\selenium-opera-driver\3.7.1\selenium-opera-driver-3.7.1.jar;C:\Users\shrey\.m2\repository\org\seleniumhq\selenium\selenium-remote-driver\3.7.1\selenium-remote-driver-3.7.1.jar;C:\Users\shrey\.m2\repository\org\seleniumhq\selenium\selenium-safari-driver\3.7.1\selenium-safari-driver-3.7.1.jar;C:\Users\shrey\.m2\repository\org\seleniumhq\selenium\selenium-support\3.7.1\selenium-support-3.7.1.jar;C:\Users\shrey\.m2\repository\net\bytebuddy\byte-buddy\1.7.5\byte-buddy-1.7.5.jar;C:\Users\shrey\.m2\repository\org\apache\commons\commons-exec\1.3\commons-exec-1.3.jar;C:\Users\shrey\.m2\repository\commons-codec\commons-codec\1.10\commons-codec-1.10.jar;C:\Users\shrey\.m2\repository\commons-logging\commons-logging\1.2\commons-logging-1.2.jar;C:\Users\shrey\.m2\repository\com\google\code\gson\gson\2.8.2\gson-2.8.2.jar;C:\Users\shrey\.m2\repository\org\apache\httpcomponents\httpclient\4.5.3\httpclient-4.5.3.jar;C:\Users\shrey\.m2\repository\com\google\guava\guava\29.0-jre\guava-29.0-jre.jar;C:\Users\shrey\.m2\repository\com\google\guava\failureaccess\1.0.1\failureaccess-1.0.1.jar;C:\Users\shrey\.m2\repository\com\google\guava\listenablefuture\9999.0-empty-to-avoid-conflict-with-guava\listenablefuture-9999.0
Launcher Type: SUN_STANDARD

[Global flags]
     intx CICompilerCount                          = 4                                         {product} {ergonomic}
     uint ConcGCThreads                            = 2                                         {product} {ergonomic}
     uint G1ConcRefinementThreads                  = 8                                         {product} {ergonomic}
   size_t G1HeapRegionSize                         = 1048576                                   {product} {ergonomic}
    uintx GCDrainStackTargetSize                   = 64                                        {product} {ergonomic}
   size_t InitialHeapSize                          = 266338304                                 {product} {ergonomic}
   size_t MarkStackSize                            = 4194304                                   {product} {ergonomic}
   size_t MaxHeapSize                              = 4236247040                                {product} {ergonomic}
   size_t MaxNewSize                               = 2541748224                                {product} {ergonomic}
   size_t MinHeapDeltaBytes                        = 1048576                                   {product} {ergonomic}
   size_t MinHeapSize                              = 8388608                                   {product} {ergonomic}
    uintx NonNMethodCodeHeapSize                   = 5839372                                {pd product} {ergonomic}
    uintx NonProfiledCodeHeapSize                  = 122909434                              {pd product} {ergonomic}
    uintx ProfiledCodeHeapSize                     = 122909434                              {pd product} {ergonomic}
    uintx ReservedCodeCacheSize                    = 251658240                              {pd product} {ergonomic}
     bool SegmentedCodeCache                       = true                                      {product} {ergonomic}
   size_t SoftMaxHeapSize                          = 4236247040                             {manageable} {ergonomic}
     bool UseCompressedClassPointers               = true                                 {lp64_product} {ergonomic}
     bool UseCompressedOops                        = true                                 {lp64_product} {ergonomic}
     bool UseG1GC                                  = true                                      {product} {ergonomic}
     bool UseLargePagesIndividualAllocation        = false                                  {pd product} {ergonomic}

Logging:
Log output configuration:
 #0: stdout all=warning uptime,level,tags
 #1: stderr all=off uptime,level,tags

Environment Variables:
PATH=C:/Program Files/Java/jdk-13.0.2/bin/server;C:/Program Files/Java/jdk-13.0.2/bin;C:/Program Files/Java/jre1.8.0_241/bin/server;C:/Program Files/Java/jre1.8.0_241/bin;C:/Program Files/Java/jre1.8.0_241/lib/amd64;C:\Program Files (x86)\Google\Chrome\Application;C:\Program Files (x86)\Common Files\Oracle\Java\javapath;C:\Windows\system32;C:\Windows;C:\Windows\System32\Wbem;C:\Windows\System32\WindowsPowerShell\v1.0\;C:\Windows\System32\OpenSSH\;C:\Program Files (x86)\Intel\Intel(R) Management Engine Components\DAL;C:\Program Files\Intel\Intel(R) Management Engine Components\DAL;C:\Program Files\Intel\WiFi\bin\;C:\Program Files\Common Files\Intel\WirelessCommon\;C:\Users\shrey\AppData\Local\Microsoft\WindowsApps;C:\Users\shrey\AppData\Local\GitHubDesktop\bin;C:\Users\shrey\Downloads;;C:\Users\shrey\Downloads;
USERNAME=shrey
OS=Windows_NT
PROCESSOR_IDENTIFIER=Intel64 Family 6 Model 142 Stepping 11, GenuineIntel



---------------  S Y S T E M  ---------------

OS: Windows 10 , 64 bit Build 18362 (10.0.18362.778)

CPU:total 8 (initial active 8) (4 cores per cpu, 2 threads per core) family 6 model 142 stepping 11, cmov, cx8, fxsr, mmx, sse, sse2, sse3, ssse3, sse4.1, sse4.2, popcnt, avx, avx2, aes, clmul, erms, 3dnowpref, lzcnt, ht, tsc, tscinvbit, bmi1, bmi2, adx, fma

Memory: 4k page, system-wide physical 16159M (6835M free)
TotalPageFile size 21181M (AvailPageFile size 4851M)
current process WorkingSet (physical memory assigned to process): 55M, peak: 132M
current process commit charge ("private bytes"): 358M, peak: 407M

vm_info: Java HotSpot(TM) 64-Bit Server VM (13.0.2+8) for windows-amd64 JRE (13.0.2+8), built on Dec 11 2019 09:20:33 by "mach5one" with unknown MS VC++:1916

END.
