#
# A fatal error has been detected by the Java Runtime Environment:
#
#  Internal Error (t:/workspace/open/src/hotspot/share/utilities/constantTag.cpp:65), pid=14872, tid=24652
#  Error: ShouldNotReachHere()
#
# JRE version: Java(TM) SE Runtime Environment (13.0.2+8) (build 13.0.2+8)
# Java VM: Java HotSpot(TM) 64-Bit Server VM (13.0.2+8, mixed mode, sharing, tiered, compressed oops, g1 gc, windows-amd64)
# No core dump will be written. Minidumps are not enabled by default on client versions of Windows
#
# If you would like to submit a bug report, please visit:
#   http://bugreport.java.com/bugreport/crash.jsp
#

---------------  S U M M A R Y ------------

Command Line: -agentlib:jdwp=transport=dt_socket,suspend=y,address=localhost:55675 -javaagent:C:\Users\shrey\eclipse\java-2020-03\eclipse\configuration\org.eclipse.osgi\223\0\.cp\lib\javaagent-shaded.jar -Dfile.encoding=Cp1252 executionEngine.DriverScript

Host: Intel(R) Core(TM) i7-8565U CPU @ 1.80GHz, 8 cores, 15G,  Windows 10 , 64 bit Build 18362 (10.0.18362.778)
Time: Sat May  9 23:08:52 2020 Eastern Daylight Time elapsed time: 5447 seconds (0d 1h 30m 47s)

---------------  T H R E A D  ---------------

Current thread (0x0000021b725f2000):  JavaThread "JDWP Transport Listener: dt_socket" daemon [_thread_in_vm, id=24652, stack(0x0000003858300000,0x0000003858400000)] _threads_hazard_ptr=0x0000021b74be6bc0

Stack: [0x0000003858300000,0x0000003858400000]
Native frames: (J=compiled Java code, j=interpreted, Vv=VM code, C=native code)
V  [jvm.dll+0x624f9a]
V  [jvm.dll+0x770cfa]
V  [jvm.dll+0x7724af]
V  [jvm.dll+0x772a67]
V  [jvm.dll+0x24be8c]
V  [jvm.dll+0x24bdf3]
V  [jvm.dll+0x2485df]
V  [jvm.dll+0x2433fd]
V  [jvm.dll+0x330858]
V  [jvm.dll+0x33235e]
V  [jvm.dll+0x32fbcc]
V  [jvm.dll+0x32ee02]
V  [jvm.dll+0x6141e5]
V  [jvm.dll+0x613f6d]
V  [jvm.dll+0x5ddb03]
V  [jvm.dll+0x76840f]
V  [jvm.dll+0x4f6476]
V  [jvm.dll+0x7776dd]
V  [jvm.dll+0x4dc54e]
V  [jvm.dll+0x4a0d60]
C  [jdwp.dll+0x751f]


---------------  P R O C E S S  ---------------

Threads class SMR info:
_java_thread_list=0x0000021b74be6bc0, length=16, elements={
0x0000021b4e1a1000, 0x0000021b71b6d000, 0x0000021b71b6e800, 0x0000021b72411800,
0x0000021b72412800, 0x0000021b72413800, 0x0000021b7241c800, 0x0000021b7242e800,
0x0000021b72544800, 0x0000021b725f2000, 0x0000021b725f3800, 0x0000021b72655000,
0x0000021b72cf8000, 0x0000021b7620c000, 0x0000021b76af3800, 0x0000021b73c39800
}

Java Threads: ( => current thread )
  0x0000021b4e1a1000 JavaThread "main" [_thread_blocked, id=8748, stack(0x0000003857300000,0x0000003857400000)]
  0x0000021b71b6d000 JavaThread "Reference Handler" daemon [_thread_blocked, id=11392, stack(0x0000003857a00000,0x0000003857b00000)]
  0x0000021b71b6e800 JavaThread "Finalizer" daemon [_thread_blocked, id=33124, stack(0x0000003857b00000,0x0000003857c00000)]
  0x0000021b72411800 JavaThread "Signal Dispatcher" daemon [_thread_blocked, id=23380, stack(0x0000003857c00000,0x0000003857d00000)]
  0x0000021b72412800 JavaThread "Attach Listener" daemon [_thread_blocked, id=28008, stack(0x0000003857d00000,0x0000003857e00000)]
  0x0000021b72413800 JavaThread "C2 CompilerThread0" daemon [_thread_blocked, id=36280, stack(0x0000003857e00000,0x0000003857f00000)]
  0x0000021b7241c800 JavaThread "C1 CompilerThread0" daemon [_thread_blocked, id=33416, stack(0x0000003857f00000,0x0000003858000000)]
  0x0000021b7242e800 JavaThread "Sweeper thread" daemon [_thread_blocked, id=35032, stack(0x0000003858000000,0x0000003858100000)]
  0x0000021b72544800 JavaThread "Common-Cleaner" daemon [_thread_blocked, id=13788, stack(0x0000003858100000,0x0000003858200000)]
=>0x0000021b725f2000 JavaThread "JDWP Transport Listener: dt_socket" daemon [_thread_in_vm, id=24652, stack(0x0000003858300000,0x0000003858400000)] _threads_hazard_ptr=0x0000021b74be6bc0
  0x0000021b725f3800 JavaThread "JDWP Event Helper Thread" daemon [_thread_blocked, id=35292, stack(0x0000003858400000,0x0000003858500000)]
  0x0000021b72655000 JavaThread "JDWP Command Reader" daemon [_thread_in_native, id=30132, stack(0x0000003858500000,0x0000003858600000)]
  0x0000021b72cf8000 JavaThread "Service Thread" daemon [_thread_blocked, id=5240, stack(0x0000003858600000,0x0000003858700000)]
  0x0000021b7620c000 JavaThread "Exec Default Executor" daemon [_thread_in_native, id=22440, stack(0x0000003858e00000,0x0000003858f00000)]
  0x0000021b76af3800 JavaThread "Exec Stream Pumper" daemon [_thread_in_native, id=19440, stack(0x0000003859100000,0x0000003859200000)]
  0x0000021b73c39800 JavaThread "Exec Stream Pumper" daemon [_thread_in_native, id=9116, stack(0x0000003859200000,0x0000003859300000)]

Other Threads:
  0x0000021b71b6a800 VMThread "VM Thread" [stack: 0x0000003857900000,0x0000003857a00000] [id=36320]
  0x0000021b72cf8800 WatcherThread [stack: 0x0000003858700000,0x0000003858800000] [id=35116]
  0x0000021b4e20f000 GCTaskThread "GC Thread#0" [stack: 0x0000003857400000,0x0000003857500000] [id=20796]
  0x0000021b7379f000 GCTaskThread "GC Thread#1" [stack: 0x0000003858900000,0x0000003858a00000] [id=32048]
  0x0000021b73a48000 GCTaskThread "GC Thread#2" [stack: 0x0000003858a00000,0x0000003858b00000] [id=35472]
  0x0000021b74250800 GCTaskThread "GC Thread#3" [stack: 0x0000003858b00000,0x0000003858c00000] [id=37300]
  0x0000021b73384000 GCTaskThread "GC Thread#4" [stack: 0x0000003858c00000,0x0000003858d00000] [id=31968]
  0x0000021b73385000 GCTaskThread "GC Thread#5" [stack: 0x0000003858d00000,0x0000003858e00000] [id=34808]
  0x0000021b4e231800 ConcurrentGCThread "G1 Main Marker" [stack: 0x0000003857500000,0x0000003857600000] [id=32240]
  0x0000021b4e233000 ConcurrentGCThread "G1 Conc#0" [stack: 0x0000003857600000,0x0000003857700000] [id=32716]
  0x0000021b71a68000 ConcurrentGCThread "G1 Refine#0" [stack: 0x0000003857700000,0x0000003857800000] [id=30444]
  0x0000021b71a6a000 ConcurrentGCThread "G1 Young RemSet Sampling" [stack: 0x0000003857800000,0x0000003857900000] [id=26760]

Threads with active compile tasks:

VM state:not at safepoint (normal execution)

VM Mutex/Monitor currently owned by a thread: None

Heap address: 0x0000000703800000, size: 4040 MB, Compressed Oops mode: Zero based, Oop shift amount: 3
Narrow klass base: 0x0000000800000000, Narrow klass shift: 3
Compressed class space size: 1073741824 Address: 0x0000000800b40000

Heap:
 garbage-first heap   total 260096K, used 111644K [0x0000000703800000, 0x0000000800000000)
  region size 1024K, 106 young (108544K), 3 survivors (3072K)
 Metaspace       used 17571K, capacity 18160K, committed 18432K, reserved 1064960K
  class space    used 2032K, capacity 2230K, committed 2304K, reserved 1048576K
Heap Regions: E=young(eden), S=young(survivor), O=old, HS=humongous(starts), HC=humongous(continues), CS=collection set, F=free, A=archive, TAMS=top-at-mark-start (previous, next)
|   0|0x0000000703800000, 0x0000000703900000, 0x0000000703900000|100%|HS|  |TAMS 0x0000000703800000, 0x0000000703800000| Complete 
|   1|0x0000000703900000, 0x0000000703a00000, 0x0000000703a00000|100%|HC|  |TAMS 0x0000000703900000, 0x0000000703900000| Complete 
|   2|0x0000000703a00000, 0x0000000703b00000, 0x0000000703b00000|100%|HS|  |TAMS 0x0000000703a00000, 0x0000000703a00000| Complete 
|   3|0x0000000703b00000, 0x0000000703c00000, 0x0000000703c00000|100%| O|  |TAMS 0x0000000703b00000, 0x0000000703b00000| Untracked 
|   4|0x0000000703c00000, 0x0000000703c07200, 0x0000000703d00000|  2%| O|  |TAMS 0x0000000703c00000, 0x0000000703c00000| Untracked 
|   5|0x0000000703d00000, 0x0000000703d00000, 0x0000000703e00000|  0%| F|  |TAMS 0x0000000703d00000, 0x0000000703d00000| Untracked 
|   6|0x0000000703e00000, 0x0000000703e00000, 0x0000000703f00000|  0%| F|  |TAMS 0x0000000703e00000, 0x0000000703e00000| Untracked 
|   7|0x0000000703f00000, 0x0000000703f00000, 0x0000000704000000|  0%| F|  |TAMS 0x0000000703f00000, 0x0000000703f00000| Untracked 
|   8|0x0000000704000000, 0x0000000704000000, 0x0000000704100000|  0%| F|  |TAMS 0x0000000704000000, 0x0000000704000000| Untracked 
|   9|0x0000000704100000, 0x0000000704100000, 0x0000000704200000|  0%| F|  |TAMS 0x0000000704100000, 0x0000000704100000| Untracked 
|  10|0x0000000704200000, 0x0000000704200000, 0x0000000704300000|  0%| F|  |TAMS 0x0000000704200000, 0x0000000704200000| Untracked 
|  11|0x0000000704300000, 0x0000000704300000, 0x0000000704400000|  0%| F|  |TAMS 0x0000000704300000, 0x0000000704300000| Untracked 
|  12|0x0000000704400000, 0x0000000704400000, 0x0000000704500000|  0%| F|  |TAMS 0x0000000704400000, 0x0000000704400000| Untracked 
|  13|0x0000000704500000, 0x0000000704500000, 0x0000000704600000|  0%| F|  |TAMS 0x0000000704500000, 0x0000000704500000| Untracked 
|  14|0x0000000704600000, 0x0000000704600000, 0x0000000704700000|  0%| F|  |TAMS 0x0000000704600000, 0x0000000704600000| Untracked 
|  15|0x0000000704700000, 0x0000000704700000, 0x0000000704800000|  0%| F|  |TAMS 0x0000000704700000, 0x0000000704700000| Untracked 
|  16|0x0000000704800000, 0x0000000704800000, 0x0000000704900000|  0%| F|  |TAMS 0x0000000704800000, 0x0000000704800000| Untracked 
|  17|0x0000000704900000, 0x0000000704900000, 0x0000000704a00000|  0%| F|  |TAMS 0x0000000704900000, 0x0000000704900000| Untracked 
|  18|0x0000000704a00000, 0x0000000704a00000, 0x0000000704b00000|  0%| F|  |TAMS 0x0000000704a00000, 0x0000000704a00000| Untracked 
|  19|0x0000000704b00000, 0x0000000704b00000, 0x0000000704c00000|  0%| F|  |TAMS 0x0000000704b00000, 0x0000000704b00000| Untracked 
|  20|0x0000000704c00000, 0x0000000704c00000, 0x0000000704d00000|  0%| F|  |TAMS 0x0000000704c00000, 0x0000000704c00000| Untracked 
|  21|0x0000000704d00000, 0x0000000704d00000, 0x0000000704e00000|  0%| F|  |TAMS 0x0000000704d00000, 0x0000000704d00000| Untracked 
|  22|0x0000000704e00000, 0x0000000704e00000, 0x0000000704f00000|  0%| F|  |TAMS 0x0000000704e00000, 0x0000000704e00000| Untracked 
|  23|0x0000000704f00000, 0x0000000704f00000, 0x0000000705000000|  0%| F|  |TAMS 0x0000000704f00000, 0x0000000704f00000| Untracked 
|  24|0x0000000705000000, 0x0000000705000000, 0x0000000705100000|  0%| F|  |TAMS 0x0000000705000000, 0x0000000705000000| Untracked 
|  25|0x0000000705100000, 0x0000000705100000, 0x0000000705200000|  0%| F|  |TAMS 0x0000000705100000, 0x0000000705100000| Untracked 
|  26|0x0000000705200000, 0x0000000705200000, 0x0000000705300000|  0%| F|  |TAMS 0x0000000705200000, 0x0000000705200000| Untracked 
|  27|0x0000000705300000, 0x0000000705300000, 0x0000000705400000|  0%| F|  |TAMS 0x0000000705300000, 0x0000000705300000| Untracked 
|  28|0x0000000705400000, 0x0000000705400000, 0x0000000705500000|  0%| F|  |TAMS 0x0000000705400000, 0x0000000705400000| Untracked 
|  29|0x0000000705500000, 0x0000000705500000, 0x0000000705600000|  0%| F|  |TAMS 0x0000000705500000, 0x0000000705500000| Untracked 
|  30|0x0000000705600000, 0x0000000705600000, 0x0000000705700000|  0%| F|  |TAMS 0x0000000705600000, 0x0000000705600000| Untracked 
|  31|0x0000000705700000, 0x0000000705700000, 0x0000000705800000|  0%| F|  |TAMS 0x0000000705700000, 0x0000000705700000| Untracked 
|  32|0x0000000705800000, 0x0000000705800000, 0x0000000705900000|  0%| F|  |TAMS 0x0000000705800000, 0x0000000705800000| Untracked 
|  33|0x0000000705900000, 0x0000000705900000, 0x0000000705a00000|  0%| F|  |TAMS 0x0000000705900000, 0x0000000705900000| Untracked 
|  34|0x0000000705a00000, 0x0000000705a00000, 0x0000000705b00000|  0%| F|  |TAMS 0x0000000705a00000, 0x0000000705a00000| Untracked 
|  35|0x0000000705b00000, 0x0000000705b00000, 0x0000000705c00000|  0%| F|  |TAMS 0x0000000705b00000, 0x0000000705b00000| Untracked 
|  36|0x0000000705c00000, 0x0000000705c00000, 0x0000000705d00000|  0%| F|  |TAMS 0x0000000705c00000, 0x0000000705c00000| Untracked 
|  37|0x0000000705d00000, 0x0000000705d00000, 0x0000000705e00000|  0%| F|  |TAMS 0x0000000705d00000, 0x0000000705d00000| Untracked 
|  38|0x0000000705e00000, 0x0000000705e00000, 0x0000000705f00000|  0%| F|  |TAMS 0x0000000705e00000, 0x0000000705e00000| Untracked 
|  39|0x0000000705f00000, 0x0000000705f00000, 0x0000000706000000|  0%| F|  |TAMS 0x0000000705f00000, 0x0000000705f00000| Untracked 
|  40|0x0000000706000000, 0x0000000706000000, 0x0000000706100000|  0%| F|  |TAMS 0x0000000706000000, 0x0000000706000000| Untracked 
|  41|0x0000000706100000, 0x0000000706100000, 0x0000000706200000|  0%| F|  |TAMS 0x0000000706100000, 0x0000000706100000| Untracked 
|  42|0x0000000706200000, 0x0000000706200000, 0x0000000706300000|  0%| F|  |TAMS 0x0000000706200000, 0x0000000706200000| Untracked 
|  43|0x0000000706300000, 0x0000000706300000, 0x0000000706400000|  0%| F|  |TAMS 0x0000000706300000, 0x0000000706300000| Untracked 
|  44|0x0000000706400000, 0x0000000706400000, 0x0000000706500000|  0%| F|  |TAMS 0x0000000706400000, 0x0000000706400000| Untracked 
|  45|0x0000000706500000, 0x0000000706500000, 0x0000000706600000|  0%| F|  |TAMS 0x0000000706500000, 0x0000000706500000| Untracked 
|  46|0x0000000706600000, 0x0000000706600000, 0x0000000706700000|  0%| F|  |TAMS 0x0000000706600000, 0x0000000706600000| Untracked 
|  47|0x0000000706700000, 0x0000000706700000, 0x0000000706800000|  0%| F|  |TAMS 0x0000000706700000, 0x0000000706700000| Untracked 
|  48|0x0000000706800000, 0x0000000706800000, 0x0000000706900000|  0%| F|  |TAMS 0x0000000706800000, 0x0000000706800000| Untracked 
|  49|0x0000000706900000, 0x0000000706900000, 0x0000000706a00000|  0%| F|  |TAMS 0x0000000706900000, 0x0000000706900000| Untracked 
|  50|0x0000000706a00000, 0x0000000706a00000, 0x0000000706b00000|  0%| F|  |TAMS 0x0000000706a00000, 0x0000000706a00000| Untracked 
|  51|0x0000000706b00000, 0x0000000706b00000, 0x0000000706c00000|  0%| F|  |TAMS 0x0000000706b00000, 0x0000000706b00000| Untracked 
|  52|0x0000000706c00000, 0x0000000706c00000, 0x0000000706d00000|  0%| F|  |TAMS 0x0000000706c00000, 0x0000000706c00000| Untracked 
|  53|0x0000000706d00000, 0x0000000706d00000, 0x0000000706e00000|  0%| F|  |TAMS 0x0000000706d00000, 0x0000000706d00000| Untracked 
|  54|0x0000000706e00000, 0x0000000706e00000, 0x0000000706f00000|  0%| F|  |TAMS 0x0000000706e00000, 0x0000000706e00000| Untracked 
|  55|0x0000000706f00000, 0x0000000706f00000, 0x0000000707000000|  0%| F|  |TAMS 0x0000000706f00000, 0x0000000706f00000| Untracked 
|  56|0x0000000707000000, 0x0000000707000000, 0x0000000707100000|  0%| F|  |TAMS 0x0000000707000000, 0x0000000707000000| Untracked 
|  57|0x0000000707100000, 0x0000000707100000, 0x0000000707200000|  0%| F|  |TAMS 0x0000000707100000, 0x0000000707100000| Untracked 
|  58|0x0000000707200000, 0x0000000707200000, 0x0000000707300000|  0%| F|  |TAMS 0x0000000707200000, 0x0000000707200000| Untracked 
|  59|0x0000000707300000, 0x0000000707300000, 0x0000000707400000|  0%| F|  |TAMS 0x0000000707300000, 0x0000000707300000| Untracked 
|  60|0x0000000707400000, 0x0000000707400000, 0x0000000707500000|  0%| F|  |TAMS 0x0000000707400000, 0x0000000707400000| Untracked 
|  61|0x0000000707500000, 0x0000000707500000, 0x0000000707600000|  0%| F|  |TAMS 0x0000000707500000, 0x0000000707500000| Untracked 
|  62|0x0000000707600000, 0x0000000707600000, 0x0000000707700000|  0%| F|  |TAMS 0x0000000707600000, 0x0000000707600000| Untracked 
|  63|0x0000000707700000, 0x0000000707700000, 0x0000000707800000|  0%| F|  |TAMS 0x0000000707700000, 0x0000000707700000| Untracked 
|  64|0x0000000707800000, 0x0000000707800000, 0x0000000707900000|  0%| F|  |TAMS 0x0000000707800000, 0x0000000707800000| Untracked 
|  65|0x0000000707900000, 0x0000000707900000, 0x0000000707a00000|  0%| F|  |TAMS 0x0000000707900000, 0x0000000707900000| Untracked 
|  66|0x0000000707a00000, 0x0000000707a00000, 0x0000000707b00000|  0%| F|  |TAMS 0x0000000707a00000, 0x0000000707a00000| Untracked 
|  67|0x0000000707b00000, 0x0000000707b00000, 0x0000000707c00000|  0%| F|  |TAMS 0x0000000707b00000, 0x0000000707b00000| Untracked 
|  68|0x0000000707c00000, 0x0000000707c00000, 0x0000000707d00000|  0%| F|  |TAMS 0x0000000707c00000, 0x0000000707c00000| Untracked 
|  69|0x0000000707d00000, 0x0000000707d00000, 0x0000000707e00000|  0%| F|  |TAMS 0x0000000707d00000, 0x0000000707d00000| Untracked 
|  70|0x0000000707e00000, 0x0000000707e00000, 0x0000000707f00000|  0%| F|  |TAMS 0x0000000707e00000, 0x0000000707e00000| Untracked 
|  71|0x0000000707f00000, 0x0000000707f00000, 0x0000000708000000|  0%| F|  |TAMS 0x0000000707f00000, 0x0000000707f00000| Untracked 
|  72|0x0000000708000000, 0x0000000708000000, 0x0000000708100000|  0%| F|  |TAMS 0x0000000708000000, 0x0000000708000000| Untracked 
|  73|0x0000000708100000, 0x0000000708100000, 0x0000000708200000|  0%| F|  |TAMS 0x0000000708100000, 0x0000000708100000| Untracked 
|  74|0x0000000708200000, 0x0000000708200000, 0x0000000708300000|  0%| F|  |TAMS 0x0000000708200000, 0x0000000708200000| Untracked 
|  75|0x0000000708300000, 0x0000000708300000, 0x0000000708400000|  0%| F|  |TAMS 0x0000000708300000, 0x0000000708300000| Untracked 
|  76|0x0000000708400000, 0x0000000708400000, 0x0000000708500000|  0%| F|  |TAMS 0x0000000708400000, 0x0000000708400000| Untracked 
|  77|0x0000000708500000, 0x0000000708500000, 0x0000000708600000|  0%| F|  |TAMS 0x0000000708500000, 0x0000000708500000| Untracked 
|  78|0x0000000708600000, 0x0000000708600000, 0x0000000708700000|  0%| F|  |TAMS 0x0000000708600000, 0x0000000708600000| Untracked 
|  79|0x0000000708700000, 0x0000000708700000, 0x0000000708800000|  0%| F|  |TAMS 0x0000000708700000, 0x0000000708700000| Untracked 
|  80|0x0000000708800000, 0x0000000708800000, 0x0000000708900000|  0%| F|  |TAMS 0x0000000708800000, 0x0000000708800000| Untracked 
|  81|0x0000000708900000, 0x0000000708900000, 0x0000000708a00000|  0%| F|  |TAMS 0x0000000708900000, 0x0000000708900000| Untracked 
|  82|0x0000000708a00000, 0x0000000708a00000, 0x0000000708b00000|  0%| F|  |TAMS 0x0000000708a00000, 0x0000000708a00000| Untracked 
|  83|0x0000000708b00000, 0x0000000708b00000, 0x0000000708c00000|  0%| F|  |TAMS 0x0000000708b00000, 0x0000000708b00000| Untracked 
|  84|0x0000000708c00000, 0x0000000708c00000, 0x0000000708d00000|  0%| F|  |TAMS 0x0000000708c00000, 0x0000000708c00000| Untracked 
|  85|0x0000000708d00000, 0x0000000708d00000, 0x0000000708e00000|  0%| F|  |TAMS 0x0000000708d00000, 0x0000000708d00000| Untracked 
|  86|0x0000000708e00000, 0x0000000708e00000, 0x0000000708f00000|  0%| F|  |TAMS 0x0000000708e00000, 0x0000000708e00000| Untracked 
|  87|0x0000000708f00000, 0x0000000708f00000, 0x0000000709000000|  0%| F|  |TAMS 0x0000000708f00000, 0x0000000708f00000| Untracked 
|  88|0x0000000709000000, 0x0000000709000000, 0x0000000709100000|  0%| F|  |TAMS 0x0000000709000000, 0x0000000709000000| Untracked 
|  89|0x0000000709100000, 0x0000000709100000, 0x0000000709200000|  0%| F|  |TAMS 0x0000000709100000, 0x0000000709100000| Untracked 
|  90|0x0000000709200000, 0x0000000709200000, 0x0000000709300000|  0%| F|  |TAMS 0x0000000709200000, 0x0000000709200000| Untracked 
|  91|0x0000000709300000, 0x0000000709300000, 0x0000000709400000|  0%| F|  |TAMS 0x0000000709300000, 0x0000000709300000| Untracked 
|  92|0x0000000709400000, 0x0000000709400000, 0x0000000709500000|  0%| F|  |TAMS 0x0000000709400000, 0x0000000709400000| Untracked 
|  93|0x0000000709500000, 0x0000000709500000, 0x0000000709600000|  0%| F|  |TAMS 0x0000000709500000, 0x0000000709500000| Untracked 
|  94|0x0000000709600000, 0x0000000709600000, 0x0000000709700000|  0%| F|  |TAMS 0x0000000709600000, 0x0000000709600000| Untracked 
|  95|0x0000000709700000, 0x0000000709700000, 0x0000000709800000|  0%| F|  |TAMS 0x0000000709700000, 0x0000000709700000| Untracked 
|  96|0x0000000709800000, 0x0000000709800000, 0x0000000709900000|  0%| F|  |TAMS 0x0000000709800000, 0x0000000709800000| Untracked 
|  97|0x0000000709900000, 0x0000000709900000, 0x0000000709a00000|  0%| F|  |TAMS 0x0000000709900000, 0x0000000709900000| Untracked 
|  98|0x0000000709a00000, 0x0000000709a00000, 0x0000000709b00000|  0%| F|  |TAMS 0x0000000709a00000, 0x0000000709a00000| Untracked 
|  99|0x0000000709b00000, 0x0000000709b00000, 0x0000000709c00000|  0%| F|  |TAMS 0x0000000709b00000, 0x0000000709b00000| Untracked 
| 100|0x0000000709c00000, 0x0000000709c00000, 0x0000000709d00000|  0%| F|  |TAMS 0x0000000709c00000, 0x0000000709c00000| Untracked 
| 101|0x0000000709d00000, 0x0000000709d00000, 0x0000000709e00000|  0%| F|  |TAMS 0x0000000709d00000, 0x0000000709d00000| Untracked 
| 102|0x0000000709e00000, 0x0000000709e00000, 0x0000000709f00000|  0%| F|  |TAMS 0x0000000709e00000, 0x0000000709e00000| Untracked 
| 103|0x0000000709f00000, 0x0000000709f00000, 0x000000070a000000|  0%| F|  |TAMS 0x0000000709f00000, 0x0000000709f00000| Untracked 
| 104|0x000000070a000000, 0x000000070a000000, 0x000000070a100000|  0%| F|  |TAMS 0x000000070a000000, 0x000000070a000000| Untracked 
| 105|0x000000070a100000, 0x000000070a100000, 0x000000070a200000|  0%| F|  |TAMS 0x000000070a100000, 0x000000070a100000| Untracked 
| 106|0x000000070a200000, 0x000000070a200000, 0x000000070a300000|  0%| F|  |TAMS 0x000000070a200000, 0x000000070a200000| Untracked 
| 107|0x000000070a300000, 0x000000070a300000, 0x000000070a400000|  0%| F|  |TAMS 0x000000070a300000, 0x000000070a300000| Untracked 
| 108|0x000000070a400000, 0x000000070a400000, 0x000000070a500000|  0%| F|  |TAMS 0x000000070a400000, 0x000000070a400000| Untracked 
| 109|0x000000070a500000, 0x000000070a500000, 0x000000070a600000|  0%| F|  |TAMS 0x000000070a500000, 0x000000070a500000| Untracked 
| 110|0x000000070a600000, 0x000000070a600000, 0x000000070a700000|  0%| F|  |TAMS 0x000000070a600000, 0x000000070a600000| Untracked 
| 111|0x000000070a700000, 0x000000070a700000, 0x000000070a800000|  0%| F|  |TAMS 0x000000070a700000, 0x000000070a700000| Untracked 
| 112|0x000000070a800000, 0x000000070a800000, 0x000000070a900000|  0%| F|  |TAMS 0x000000070a800000, 0x000000070a800000| Untracked 
| 113|0x000000070a900000, 0x000000070a900000, 0x000000070aa00000|  0%| F|  |TAMS 0x000000070a900000, 0x000000070a900000| Untracked 
| 114|0x000000070aa00000, 0x000000070aa00000, 0x000000070ab00000|  0%| F|  |TAMS 0x000000070aa00000, 0x000000070aa00000| Untracked 
| 115|0x000000070ab00000, 0x000000070ab00000, 0x000000070ac00000|  0%| F|  |TAMS 0x000000070ab00000, 0x000000070ab00000| Untracked 
| 116|0x000000070ac00000, 0x000000070ac00000, 0x000000070ad00000|  0%| F|  |TAMS 0x000000070ac00000, 0x000000070ac00000| Untracked 
| 117|0x000000070ad00000, 0x000000070ad00000, 0x000000070ae00000|  0%| F|  |TAMS 0x000000070ad00000, 0x000000070ad00000| Untracked 
| 118|0x000000070ae00000, 0x000000070ae00000, 0x000000070af00000|  0%| F|  |TAMS 0x000000070ae00000, 0x000000070ae00000| Untracked 
| 119|0x000000070af00000, 0x000000070af00000, 0x000000070b000000|  0%| F|  |TAMS 0x000000070af00000, 0x000000070af00000| Untracked 
| 120|0x000000070b000000, 0x000000070b000000, 0x000000070b100000|  0%| F|  |TAMS 0x000000070b000000, 0x000000070b000000| Untracked 
| 121|0x000000070b100000, 0x000000070b100000, 0x000000070b200000|  0%| F|  |TAMS 0x000000070b100000, 0x000000070b100000| Untracked 
| 122|0x000000070b200000, 0x000000070b200000, 0x000000070b300000|  0%| F|  |TAMS 0x000000070b200000, 0x000000070b200000| Untracked 
| 123|0x000000070b300000, 0x000000070b300000, 0x000000070b400000|  0%| F|  |TAMS 0x000000070b300000, 0x000000070b300000| Untracked 
| 124|0x000000070b400000, 0x000000070b400000, 0x000000070b500000|  0%| F|  |TAMS 0x000000070b400000, 0x000000070b400000| Untracked 
| 125|0x000000070b500000, 0x000000070b500000, 0x000000070b600000|  0%| F|  |TAMS 0x000000070b500000, 0x000000070b500000| Untracked 
| 126|0x000000070b600000, 0x000000070b600000, 0x000000070b700000|  0%| F|  |TAMS 0x000000070b600000, 0x000000070b600000| Untracked 
| 127|0x000000070b700000, 0x000000070b700000, 0x000000070b800000|  0%| F|  |TAMS 0x000000070b700000, 0x000000070b700000| Untracked 
| 128|0x000000070b800000, 0x000000070b800000, 0x000000070b900000|  0%| F|  |TAMS 0x000000070b800000, 0x000000070b800000| Untracked 
| 129|0x000000070b900000, 0x000000070b900000, 0x000000070ba00000|  0%| F|  |TAMS 0x000000070b900000, 0x000000070b900000| Untracked 
| 130|0x000000070ba00000, 0x000000070ba00000, 0x000000070bb00000|  0%| F|  |TAMS 0x000000070ba00000, 0x000000070ba00000| Untracked 
| 131|0x000000070bb00000, 0x000000070bb00000, 0x000000070bc00000|  0%| F|  |TAMS 0x000000070bb00000, 0x000000070bb00000| Untracked 
| 132|0x000000070bc00000, 0x000000070bc00000, 0x000000070bd00000|  0%| F|  |TAMS 0x000000070bc00000, 0x000000070bc00000| Untracked 
| 133|0x000000070bd00000, 0x000000070bd00000, 0x000000070be00000|  0%| F|  |TAMS 0x000000070bd00000, 0x000000070bd00000| Untracked 
| 134|0x000000070be00000, 0x000000070be00000, 0x000000070bf00000|  0%| F|  |TAMS 0x000000070be00000, 0x000000070be00000| Untracked 
| 135|0x000000070bf00000, 0x000000070bf00000, 0x000000070c000000|  0%| F|  |TAMS 0x000000070bf00000, 0x000000070bf00000| Untracked 
| 136|0x000000070c000000, 0x000000070c000000, 0x000000070c100000|  0%| F|  |TAMS 0x000000070c000000, 0x000000070c000000| Untracked 
| 137|0x000000070c100000, 0x000000070c100000, 0x000000070c200000|  0%| F|  |TAMS 0x000000070c100000, 0x000000070c100000| Untracked 
| 138|0x000000070c200000, 0x000000070c200000, 0x000000070c300000|  0%| F|  |TAMS 0x000000070c200000, 0x000000070c200000| Untracked 
| 139|0x000000070c300000, 0x000000070c300000, 0x000000070c400000|  0%| F|  |TAMS 0x000000070c300000, 0x000000070c300000| Untracked 
| 140|0x000000070c400000, 0x000000070c400000, 0x000000070c500000|  0%| F|  |TAMS 0x000000070c400000, 0x000000070c400000| Untracked 
| 141|0x000000070c500000, 0x000000070c500000, 0x000000070c600000|  0%| F|  |TAMS 0x000000070c500000, 0x000000070c500000| Untracked 
| 142|0x000000070c600000, 0x000000070c600000, 0x000000070c700000|  0%| F|  |TAMS 0x000000070c600000, 0x000000070c600000| Untracked 
| 143|0x000000070c700000, 0x000000070c700000, 0x000000070c800000|  0%| F|  |TAMS 0x000000070c700000, 0x000000070c700000| Untracked 
| 144|0x000000070c800000, 0x000000070c800000, 0x000000070c900000|  0%| F|  |TAMS 0x000000070c800000, 0x000000070c800000| Untracked 
| 145|0x000000070c900000, 0x000000070c900000, 0x000000070ca00000|  0%| F|  |TAMS 0x000000070c900000, 0x000000070c900000| Untracked 
| 146|0x000000070ca00000, 0x000000070ca00000, 0x000000070cb00000|  0%| F|  |TAMS 0x000000070ca00000, 0x000000070ca00000| Untracked 
| 147|0x000000070cb00000, 0x000000070cb00000, 0x000000070cc00000|  0%| F|  |TAMS 0x000000070cb00000, 0x000000070cb00000| Untracked 
| 148|0x000000070cc00000, 0x000000070cc81068, 0x000000070cd00000| 50%| E|  |TAMS 0x000000070cc00000, 0x000000070cc00000| Complete 
| 149|0x000000070cd00000, 0x000000070ce00000, 0x000000070ce00000|100%| E|CS|TAMS 0x000000070cd00000, 0x000000070cd00000| Complete 
| 150|0x000000070ce00000, 0x000000070cf00000, 0x000000070cf00000|100%| E|CS|TAMS 0x000000070ce00000, 0x000000070ce00000| Complete 
| 151|0x000000070cf00000, 0x000000070d000000, 0x000000070d000000|100%| E|CS|TAMS 0x000000070cf00000, 0x000000070cf00000| Complete 
| 152|0x000000070d000000, 0x000000070d100000, 0x000000070d100000|100%| E|CS|TAMS 0x000000070d000000, 0x000000070d000000| Complete 
| 153|0x000000070d100000, 0x000000070d200000, 0x000000070d200000|100%| E|CS|TAMS 0x000000070d100000, 0x000000070d100000| Complete 
| 154|0x000000070d200000, 0x000000070d300000, 0x000000070d300000|100%| E|CS|TAMS 0x000000070d200000, 0x000000070d200000| Complete 
| 155|0x000000070d300000, 0x000000070d400000, 0x000000070d400000|100%| E|CS|TAMS 0x000000070d300000, 0x000000070d300000| Complete 
| 156|0x000000070d400000, 0x000000070d500000, 0x000000070d500000|100%| E|CS|TAMS 0x000000070d400000, 0x000000070d400000| Complete 
| 157|0x000000070d500000, 0x000000070d600000, 0x000000070d600000|100%| E|CS|TAMS 0x000000070d500000, 0x000000070d500000| Complete 
| 158|0x000000070d600000, 0x000000070d700000, 0x000000070d700000|100%| E|CS|TAMS 0x000000070d600000, 0x000000070d600000| Complete 
| 159|0x000000070d700000, 0x000000070d800000, 0x000000070d800000|100%| E|CS|TAMS 0x000000070d700000, 0x000000070d700000| Complete 
| 160|0x000000070d800000, 0x000000070d900000, 0x000000070d900000|100%| E|CS|TAMS 0x000000070d800000, 0x000000070d800000| Complete 
| 161|0x000000070d900000, 0x000000070da00000, 0x000000070da00000|100%| E|CS|TAMS 0x000000070d900000, 0x000000070d900000| Complete 
| 162|0x000000070da00000, 0x000000070db00000, 0x000000070db00000|100%| E|CS|TAMS 0x000000070da00000, 0x000000070da00000| Complete 
| 163|0x000000070db00000, 0x000000070dc00000, 0x000000070dc00000|100%| E|CS|TAMS 0x000000070db00000, 0x000000070db00000| Complete 
| 164|0x000000070dc00000, 0x000000070dd00000, 0x000000070dd00000|100%| E|CS|TAMS 0x000000070dc00000, 0x000000070dc00000| Complete 
| 165|0x000000070dd00000, 0x000000070de00000, 0x000000070de00000|100%| E|CS|TAMS 0x000000070dd00000, 0x000000070dd00000| Complete 
| 166|0x000000070de00000, 0x000000070df00000, 0x000000070df00000|100%| E|CS|TAMS 0x000000070de00000, 0x000000070de00000| Complete 
| 167|0x000000070df00000, 0x000000070e000000, 0x000000070e000000|100%| E|CS|TAMS 0x000000070df00000, 0x000000070df00000| Complete 
| 168|0x000000070e000000, 0x000000070e100000, 0x000000070e100000|100%| E|CS|TAMS 0x000000070e000000, 0x000000070e000000| Complete 
| 169|0x000000070e100000, 0x000000070e200000, 0x000000070e200000|100%| E|CS|TAMS 0x000000070e100000, 0x000000070e100000| Complete 
| 170|0x000000070e200000, 0x000000070e300000, 0x000000070e300000|100%| E|CS|TAMS 0x000000070e200000, 0x000000070e200000| Complete 
| 171|0x000000070e300000, 0x000000070e400000, 0x000000070e400000|100%| E|CS|TAMS 0x000000070e300000, 0x000000070e300000| Complete 
| 172|0x000000070e400000, 0x000000070e500000, 0x000000070e500000|100%| E|CS|TAMS 0x000000070e400000, 0x000000070e400000| Complete 
| 173|0x000000070e500000, 0x000000070e600000, 0x000000070e600000|100%| E|CS|TAMS 0x000000070e500000, 0x000000070e500000| Complete 
| 174|0x000000070e600000, 0x000000070e700000, 0x000000070e700000|100%| E|CS|TAMS 0x000000070e600000, 0x000000070e600000| Complete 
| 175|0x000000070e700000, 0x000000070e800000, 0x000000070e800000|100%| E|CS|TAMS 0x000000070e700000, 0x000000070e700000| Complete 
| 176|0x000000070e800000, 0x000000070e900000, 0x000000070e900000|100%| E|CS|TAMS 0x000000070e800000, 0x000000070e800000| Complete 
| 177|0x000000070e900000, 0x000000070ea00000, 0x000000070ea00000|100%| E|CS|TAMS 0x000000070e900000, 0x000000070e900000| Complete 
| 178|0x000000070ea00000, 0x000000070eb00000, 0x000000070eb00000|100%| E|CS|TAMS 0x000000070ea00000, 0x000000070ea00000| Complete 
| 179|0x000000070eb00000, 0x000000070ec00000, 0x000000070ec00000|100%| E|CS|TAMS 0x000000070eb00000, 0x000000070eb00000| Complete 
| 180|0x000000070ec00000, 0x000000070ed00000, 0x000000070ed00000|100%| E|CS|TAMS 0x000000070ec00000, 0x000000070ec00000| Complete 
| 181|0x000000070ed00000, 0x000000070ee00000, 0x000000070ee00000|100%| E|CS|TAMS 0x000000070ed00000, 0x000000070ed00000| Complete 
| 182|0x000000070ee00000, 0x000000070ef00000, 0x000000070ef00000|100%| E|CS|TAMS 0x000000070ee00000, 0x000000070ee00000| Complete 
| 183|0x000000070ef00000, 0x000000070f000000, 0x000000070f000000|100%| E|CS|TAMS 0x000000070ef00000, 0x000000070ef00000| Complete 
| 184|0x000000070f000000, 0x000000070f100000, 0x000000070f100000|100%| E|CS|TAMS 0x000000070f000000, 0x000000070f000000| Complete 
| 185|0x000000070f100000, 0x000000070f200000, 0x000000070f200000|100%| E|CS|TAMS 0x000000070f100000, 0x000000070f100000| Complete 
| 186|0x000000070f200000, 0x000000070f300000, 0x000000070f300000|100%| E|CS|TAMS 0x000000070f200000, 0x000000070f200000| Complete 
| 187|0x000000070f300000, 0x000000070f400000, 0x000000070f400000|100%| E|CS|TAMS 0x000000070f300000, 0x000000070f300000| Complete 
| 188|0x000000070f400000, 0x000000070f500000, 0x000000070f500000|100%| E|CS|TAMS 0x000000070f400000, 0x000000070f400000| Complete 
| 189|0x000000070f500000, 0x000000070f600000, 0x000000070f600000|100%| E|CS|TAMS 0x000000070f500000, 0x000000070f500000| Complete 
| 190|0x000000070f600000, 0x000000070f700000, 0x000000070f700000|100%| E|CS|TAMS 0x000000070f600000, 0x000000070f600000| Complete 
| 191|0x000000070f700000, 0x000000070f800000, 0x000000070f800000|100%| E|CS|TAMS 0x000000070f700000, 0x000000070f700000| Complete 
| 192|0x000000070f800000, 0x000000070f900000, 0x000000070f900000|100%| E|CS|TAMS 0x000000070f800000, 0x000000070f800000| Complete 
| 193|0x000000070f900000, 0x000000070fa00000, 0x000000070fa00000|100%| E|CS|TAMS 0x000000070f900000, 0x000000070f900000| Complete 
| 194|0x000000070fa00000, 0x000000070fb00000, 0x000000070fb00000|100%| E|CS|TAMS 0x000000070fa00000, 0x000000070fa00000| Complete 
| 195|0x000000070fb00000, 0x000000070fc00000, 0x000000070fc00000|100%| E|CS|TAMS 0x000000070fb00000, 0x000000070fb00000| Complete 
| 196|0x000000070fc00000, 0x000000070fd00000, 0x000000070fd00000|100%| E|CS|TAMS 0x000000070fc00000, 0x000000070fc00000| Complete 
| 197|0x000000070fd00000, 0x000000070fe00000, 0x000000070fe00000|100%| E|CS|TAMS 0x000000070fd00000, 0x000000070fd00000| Complete 
| 198|0x000000070fe00000, 0x000000070ff00000, 0x000000070ff00000|100%| E|CS|TAMS 0x000000070fe00000, 0x000000070fe00000| Complete 
| 199|0x000000070ff00000, 0x0000000710000000, 0x0000000710000000|100%| E|CS|TAMS 0x000000070ff00000, 0x000000070ff00000| Complete 
| 200|0x0000000710000000, 0x0000000710100000, 0x0000000710100000|100%| E|CS|TAMS 0x0000000710000000, 0x0000000710000000| Complete 
| 201|0x0000000710100000, 0x0000000710200000, 0x0000000710200000|100%| E|CS|TAMS 0x0000000710100000, 0x0000000710100000| Complete 
| 202|0x0000000710200000, 0x0000000710300000, 0x0000000710300000|100%| E|CS|TAMS 0x0000000710200000, 0x0000000710200000| Complete 
| 203|0x0000000710300000, 0x0000000710400000, 0x0000000710400000|100%| E|CS|TAMS 0x0000000710300000, 0x0000000710300000| Complete 
| 204|0x0000000710400000, 0x0000000710500000, 0x0000000710500000|100%| E|CS|TAMS 0x0000000710400000, 0x0000000710400000| Complete 
| 205|0x0000000710500000, 0x0000000710600000, 0x0000000710600000|100%| E|CS|TAMS 0x0000000710500000, 0x0000000710500000| Complete 
| 206|0x0000000710600000, 0x0000000710700000, 0x0000000710700000|100%| E|CS|TAMS 0x0000000710600000, 0x0000000710600000| Complete 
| 207|0x0000000710700000, 0x0000000710800000, 0x0000000710800000|100%| E|CS|TAMS 0x0000000710700000, 0x0000000710700000| Complete 
| 208|0x0000000710800000, 0x0000000710900000, 0x0000000710900000|100%| E|CS|TAMS 0x0000000710800000, 0x0000000710800000| Complete 
| 209|0x0000000710900000, 0x0000000710a00000, 0x0000000710a00000|100%| E|CS|TAMS 0x0000000710900000, 0x0000000710900000| Complete 
| 210|0x0000000710a00000, 0x0000000710b00000, 0x0000000710b00000|100%| E|CS|TAMS 0x0000000710a00000, 0x0000000710a00000| Complete 
| 211|0x0000000710b00000, 0x0000000710c00000, 0x0000000710c00000|100%| E|CS|TAMS 0x0000000710b00000, 0x0000000710b00000| Complete 
| 212|0x0000000710c00000, 0x0000000710d00000, 0x0000000710d00000|100%| E|CS|TAMS 0x0000000710c00000, 0x0000000710c00000| Complete 
| 213|0x0000000710d00000, 0x0000000710e00000, 0x0000000710e00000|100%| E|CS|TAMS 0x0000000710d00000, 0x0000000710d00000| Complete 
| 214|0x0000000710e00000, 0x0000000710f00000, 0x0000000710f00000|100%| E|CS|TAMS 0x0000000710e00000, 0x0000000710e00000| Complete 
| 215|0x0000000710f00000, 0x0000000711000000, 0x0000000711000000|100%| E|CS|TAMS 0x0000000710f00000, 0x0000000710f00000| Complete 
| 216|0x0000000711000000, 0x0000000711100000, 0x0000000711100000|100%| E|CS|TAMS 0x0000000711000000, 0x0000000711000000| Complete 
| 217|0x0000000711100000, 0x0000000711200000, 0x0000000711200000|100%| E|CS|TAMS 0x0000000711100000, 0x0000000711100000| Complete 
| 218|0x0000000711200000, 0x0000000711300000, 0x0000000711300000|100%| E|CS|TAMS 0x0000000711200000, 0x0000000711200000| Complete 
| 219|0x0000000711300000, 0x0000000711400000, 0x0000000711400000|100%| E|CS|TAMS 0x0000000711300000, 0x0000000711300000| Complete 
| 220|0x0000000711400000, 0x0000000711500000, 0x0000000711500000|100%| E|CS|TAMS 0x0000000711400000, 0x0000000711400000| Complete 
| 221|0x0000000711500000, 0x0000000711600000, 0x0000000711600000|100%| E|CS|TAMS 0x0000000711500000, 0x0000000711500000| Complete 
| 222|0x0000000711600000, 0x0000000711700000, 0x0000000711700000|100%| E|CS|TAMS 0x0000000711600000, 0x0000000711600000| Complete 
| 223|0x0000000711700000, 0x0000000711800000, 0x0000000711800000|100%| E|CS|TAMS 0x0000000711700000, 0x0000000711700000| Complete 
| 224|0x0000000711800000, 0x0000000711900000, 0x0000000711900000|100%| E|CS|TAMS 0x0000000711800000, 0x0000000711800000| Complete 
| 225|0x0000000711900000, 0x0000000711a00000, 0x0000000711a00000|100%| E|CS|TAMS 0x0000000711900000, 0x0000000711900000| Complete 
| 226|0x0000000711a00000, 0x0000000711b00000, 0x0000000711b00000|100%| E|CS|TAMS 0x0000000711a00000, 0x0000000711a00000| Complete 
| 227|0x0000000711b00000, 0x0000000711c00000, 0x0000000711c00000|100%| S|CS|TAMS 0x0000000711b00000, 0x0000000711b00000| Complete 
| 228|0x0000000711c00000, 0x0000000711d00000, 0x0000000711d00000|100%| S|CS|TAMS 0x0000000711c00000, 0x0000000711c00000| Complete 
| 229|0x0000000711d00000, 0x0000000711e00000, 0x0000000711e00000|100%| S|CS|TAMS 0x0000000711d00000, 0x0000000711d00000| Complete 
| 230|0x0000000711e00000, 0x0000000711f00000, 0x0000000711f00000|100%| E|CS|TAMS 0x0000000711e00000, 0x0000000711e00000| Complete 
| 231|0x0000000711f00000, 0x0000000712000000, 0x0000000712000000|100%| E|CS|TAMS 0x0000000711f00000, 0x0000000711f00000| Complete 
| 232|0x0000000712000000, 0x0000000712100000, 0x0000000712100000|100%| E|CS|TAMS 0x0000000712000000, 0x0000000712000000| Complete 
| 233|0x0000000712100000, 0x0000000712200000, 0x0000000712200000|100%| E|CS|TAMS 0x0000000712100000, 0x0000000712100000| Complete 
| 234|0x0000000712200000, 0x0000000712300000, 0x0000000712300000|100%| E|CS|TAMS 0x0000000712200000, 0x0000000712200000| Complete 
| 235|0x0000000712300000, 0x0000000712400000, 0x0000000712400000|100%| E|CS|TAMS 0x0000000712300000, 0x0000000712300000| Complete 
| 236|0x0000000712400000, 0x0000000712500000, 0x0000000712500000|100%| E|CS|TAMS 0x0000000712400000, 0x0000000712400000| Complete 
| 237|0x0000000712500000, 0x0000000712600000, 0x0000000712600000|100%| E|CS|TAMS 0x0000000712500000, 0x0000000712500000| Complete 
| 238|0x0000000712600000, 0x0000000712700000, 0x0000000712700000|100%| E|CS|TAMS 0x0000000712600000, 0x0000000712600000| Complete 
| 239|0x0000000712700000, 0x0000000712800000, 0x0000000712800000|100%| E|CS|TAMS 0x0000000712700000, 0x0000000712700000| Complete 
| 240|0x0000000712800000, 0x0000000712900000, 0x0000000712900000|100%| E|CS|TAMS 0x0000000712800000, 0x0000000712800000| Complete 
| 241|0x0000000712900000, 0x0000000712a00000, 0x0000000712a00000|100%| E|CS|TAMS 0x0000000712900000, 0x0000000712900000| Complete 
| 242|0x0000000712a00000, 0x0000000712b00000, 0x0000000712b00000|100%| E|CS|TAMS 0x0000000712a00000, 0x0000000712a00000| Complete 
| 243|0x0000000712b00000, 0x0000000712c00000, 0x0000000712c00000|100%| E|CS|TAMS 0x0000000712b00000, 0x0000000712b00000| Complete 
| 244|0x0000000712c00000, 0x0000000712d00000, 0x0000000712d00000|100%| E|CS|TAMS 0x0000000712c00000, 0x0000000712c00000| Complete 
| 245|0x0000000712d00000, 0x0000000712e00000, 0x0000000712e00000|100%| E|CS|TAMS 0x0000000712d00000, 0x0000000712d00000| Complete 
| 246|0x0000000712e00000, 0x0000000712f00000, 0x0000000712f00000|100%| E|CS|TAMS 0x0000000712e00000, 0x0000000712e00000| Complete 
| 247|0x0000000712f00000, 0x0000000713000000, 0x0000000713000000|100%| E|CS|TAMS 0x0000000712f00000, 0x0000000712f00000| Complete 
| 248|0x0000000713000000, 0x0000000713100000, 0x0000000713100000|100%| E|CS|TAMS 0x0000000713000000, 0x0000000713000000| Complete 
| 249|0x0000000713100000, 0x0000000713200000, 0x0000000713200000|100%| E|CS|TAMS 0x0000000713100000, 0x0000000713100000| Complete 
| 250|0x0000000713200000, 0x0000000713300000, 0x0000000713300000|100%| E|CS|TAMS 0x0000000713200000, 0x0000000713200000| Complete 
| 251|0x0000000713300000, 0x0000000713400000, 0x0000000713400000|100%| E|CS|TAMS 0x0000000713300000, 0x0000000713300000| Complete 
| 252|0x0000000713400000, 0x0000000713500000, 0x0000000713500000|100%| E|CS|TAMS 0x0000000713400000, 0x0000000713400000| Complete 
| 253|0x0000000713500000, 0x0000000713600000, 0x0000000713600000|100%| E|CS|TAMS 0x0000000713500000, 0x0000000713500000| Complete 

Card table byte_map: [0x0000021b661b0000,0x0000021b669a0000] _byte_map_base: 0x0000021b62994000

Marking Bits (Prev, Next): (CMBitMap*) 0x0000021b4e211058, (CMBitMap*) 0x0000021b4e211098
 Prev Bits: [0x0000021b67190000, 0x0000021b6b0b0000)
 Next Bits: [0x0000021b6b0b0000, 0x0000021b6efd0000)

Polling page: 0x0000021b4c080000

Metaspace:

Usage:
  Non-class:     15.56 MB capacity,    15.17 MB ( 98%) used,   342.40 KB (  2%) free+waste,    48.94 KB ( <1%) overhead. 
      Class:      2.18 MB capacity,     1.99 MB ( 91%) used,   173.65 KB (  8%) free+waste,    23.63 KB (  1%) overhead. 
       Both:     17.73 MB capacity,    17.16 MB ( 97%) used,   516.05 KB (  3%) free+waste,    72.56 KB ( <1%) overhead. 

Virtual space:
  Non-class space:       16.00 MB reserved,      15.75 MB ( 98%) committed 
      Class space:        1.00 GB reserved,       2.25 MB ( <1%) committed 
             Both:        1.02 GB reserved,      18.00 MB (  2%) committed 

Chunk freelists:
   Non-Class:  6.00 KB
       Class:  0 bytes
        Both:  6.00 KB

MaxMetaspaceSize: 17179869184.00 GB
CompressedClassSpaceSize: 1.00 GB

CodeHeap 'non-profiled nmethods': size=120000Kb used=1710Kb max_used=2067Kb free=118289Kb
 bounds [0x0000021b5e160000, 0x0000021b5e3d0000, 0x0000021b65690000]
CodeHeap 'profiled nmethods': size=120000Kb used=4673Kb max_used=6131Kb free=115326Kb
 bounds [0x0000021b56c30000, 0x0000021b57230000, 0x0000021b5e160000]
CodeHeap 'non-nmethods': size=5760Kb used=1317Kb max_used=1455Kb free=4442Kb
 bounds [0x0000021b56690000, 0x0000021b56900000, 0x0000021b56c30000]
 total_blobs=4009 nmethods=2145 adapters=417
 compilation: enabled
              stopped_count=0, restarted_count=0
 full_count=0

Compilation events (20 events):
Event: 15.501 Thread 0x0000021b7241c800 nmethod 2522 0x0000021b5722a990 code [0x0000021b5722ac80, 0x0000021b5722bd50]
Event: 15.501 Thread 0x0000021b72413800 nmethod 2523 0x0000021b5e349690 code [0x0000021b5e349820, 0x0000021b5e349898]
Event: 15.501 Thread 0x0000021b7241c800 2524       3       java.lang.Double::isNaN (12 bytes)
Event: 15.501 Thread 0x0000021b7241c800 nmethod 2524 0x0000021b5722c490 code [0x0000021b5722c640, 0x0000021b5722c7f8]
Event: 15.501 Thread 0x0000021b7241c800 2525       1       org.apache.poi.hssf.record.RowRecord::setRowNumber (6 bytes)
Event: 15.501 Thread 0x0000021b7241c800 nmethod 2525 0x0000021b5e349990 code [0x0000021b5e349b20, 0x0000021b5e349c58]
Event: 15.501 Thread 0x0000021b7241c800 2526       1       org.apache.poi.hssf.usermodel.HSSFSheet::getFirstRowNum (5 bytes)
Event: 15.501 Thread 0x0000021b7241c800 nmethod 2526 0x0000021b5e349d10 code [0x0000021b5e349ea0, 0x0000021b5e349fd8]
Event: 15.501 Thread 0x0000021b7241c800 2527       3       java.util.TreeMap::get (19 bytes)
Event: 15.501 Thread 0x0000021b7241c800 nmethod 2527 0x0000021b5722c890 code [0x0000021b5722ca40, 0x0000021b5722cc90]
Event: 15.502 Thread 0x0000021b72413800 2528       4       java.lang.Integer::stringSize (47 bytes)
Event: 15.502 Thread 0x0000021b72413800 nmethod 2528 0x0000021b5e34a090 code [0x0000021b5e34a220, 0x0000021b5e34a2d8]
Event: 15.502 Thread 0x0000021b72413800 2529       4       java.lang.Integer::getChars (131 bytes)
Event: 15.506 Thread 0x0000021b72413800 nmethod 2529 0x0000021b5e34a390 code [0x0000021b5e34a520, 0x0000021b5e34a8d8]
Event: 2846.196 Thread 0x0000021b72413800 2530       4       org.eclipse.jdt.launching.internal.org.objectweb.asm.ClassWriter::visitEnd (1 bytes)
Event: 2846.197 Thread 0x0000021b72413800 nmethod 2530 0x0000021b5e34ab10 code [0x0000021b5e34aca0, 0x0000021b5e34ad18]
Event: 4319.541 Thread 0x0000021b72413800 2531 %     4       org.eclipse.jdt.launching.internal.org.objectweb.asm.ClassReader::readCode @ 71 (5089 bytes)
Event: 4320.358 Thread 0x0000021b72413800 nmethod 2531% 0x0000021b5e34ae10 code [0x0000021b5e34b780, 0x0000021b5e35cc30]
Event: 5447.849 Thread 0x0000021b72413800 2532       4       org.eclipse.jdt.launching.internal.org.objectweb.asm.SymbolTable::addConstant (330 bytes)
Event: 5447.884 Thread 0x0000021b72413800 nmethod 2532 0x0000021b5e1f7910 code [0x0000021b5e1f7c40, 0x0000021b5e1f8f20]

GC Heap History (2 events):
Event: 0.662 GC heap before
{Heap before GC invocations=0 (full 0):
 garbage-first heap   total 260096K, used 27648K [0x0000000703800000, 0x0000000800000000)
  region size 1024K, 24 young (24576K), 0 survivors (0K)
 Metaspace       used 4588K, capacity 6483K, committed 6528K, reserved 1056768K
  class space    used 422K, capacity 605K, committed 640K, reserved 1048576K
}
Event: 0.665 GC heap after
{Heap after GC invocations=1 (full 0):
 garbage-first heap   total 260096K, used 7196K [0x0000000703800000, 0x0000000800000000)
  region size 1024K, 3 young (3072K), 3 survivors (3072K)
 Metaspace       used 4588K, capacity 6483K, committed 6528K, reserved 1056768K
  class space    used 422K, capacity 605K, committed 640K, reserved 1048576K
}

Deoptimization events (20 events):
Event: 15.499 Thread 0x0000021b4e1a1000 DEOPT PACKING pc=0x0000021b5719e654 sp=0x00000038573fee10
Event: 15.499 Thread 0x0000021b4e1a1000 DEOPT UNPACKING pc=0x0000021b566d964e sp=0x00000038573fe348 mode 1
Event: 15.499 Thread 0x0000021b4e1a1000 DEOPT PACKING pc=0x0000021b571a025c sp=0x00000038573fea80
Event: 15.499 Thread 0x0000021b4e1a1000 DEOPT UNPACKING pc=0x0000021b566d964e sp=0x00000038573fdff0 mode 1
Event: 15.499 Thread 0x0000021b4e1a1000 DEOPT PACKING pc=0x0000021b5719e654 sp=0x00000038573febb0
Event: 15.499 Thread 0x0000021b4e1a1000 DEOPT UNPACKING pc=0x0000021b566d964e sp=0x00000038573fe0e8 mode 1
Event: 15.499 Thread 0x0000021b4e1a1000 DEOPT PACKING pc=0x0000021b571dad01 sp=0x00000038573febb0
Event: 15.499 Thread 0x0000021b4e1a1000 DEOPT UNPACKING pc=0x0000021b566d964e sp=0x00000038573fe078 mode 1
Event: 15.499 Thread 0x0000021b4e1a1000 DEOPT PACKING pc=0x0000021b5721b344 sp=0x00000038573fec20
Event: 15.499 Thread 0x0000021b4e1a1000 DEOPT UNPACKING pc=0x0000021b566d964e sp=0x00000038573fe118 mode 1
Event: 15.499 Thread 0x0000021b4e1a1000 DEOPT PACKING pc=0x0000021b571a025c sp=0x00000038573fea80
Event: 15.499 Thread 0x0000021b4e1a1000 DEOPT UNPACKING pc=0x0000021b566d964e sp=0x00000038573fdff0 mode 1
Event: 15.499 Thread 0x0000021b4e1a1000 DEOPT PACKING pc=0x0000021b5719e654 sp=0x00000038573febb0
Event: 15.499 Thread 0x0000021b4e1a1000 DEOPT UNPACKING pc=0x0000021b566d964e sp=0x00000038573fe0e8 mode 1
Event: 15.499 Thread 0x0000021b4e1a1000 DEOPT PACKING pc=0x0000021b571a025c sp=0x00000038573fed10
Event: 15.499 Thread 0x0000021b4e1a1000 DEOPT UNPACKING pc=0x0000021b566d964e sp=0x00000038573fe280 mode 1
Event: 15.499 Thread 0x0000021b4e1a1000 DEOPT PACKING pc=0x0000021b5719e654 sp=0x00000038573fee40
Event: 15.499 Thread 0x0000021b4e1a1000 DEOPT UNPACKING pc=0x0000021b566d964e sp=0x00000038573fe378 mode 1
Event: 4319.541 Thread 0x0000021b725f2000 DEOPT PACKING pc=0x0000021b570bdaab sp=0x00000038583fd5e0
Event: 4319.541 Thread 0x0000021b725f2000 DEOPT UNPACKING pc=0x0000021b566d964e sp=0x00000038583fcd50 mode 0

Classes unloaded (0 events):
No events

Classes redefined (8 events):
Event: 980.058 Thread 0x0000021b71b6a800 redefined class name=config.ActionKeywords, count=1
Event: 1908.479 Thread 0x0000021b71b6a800 redefined class name=config.ActionKeywords, count=2
Event: 2846.201 Thread 0x0000021b71b6a800 redefined class name=config.ActionKeywords, count=3
Event: 3699.311 Thread 0x0000021b71b6a800 redefined class name=config.ActionKeywords, count=4
Event: 3712.564 Thread 0x0000021b71b6a800 redefined class name=config.ActionKeywords, count=5
Event: 3838.781 Thread 0x0000021b71b6a800 redefined class name=config.ActionKeywords, count=6
Event: 4319.547 Thread 0x0000021b71b6a800 redefined class name=executionEngine.DriverScript, count=1
Event: 5447.854 Thread 0x0000021b71b6a800 redefined class name=executionEngine.DriverScript, count=2

Internal exceptions (20 events):
Event: 0.974 Thread 0x0000021b4e1a1000 Exception <a 'java/lang/ClassNotFoundException'{0x00000007122ece78}: org/apache/log4j/PatternLayoutCustomizer> (0x00000007122ece78) 
thrown [t:/workspace/open/src/hotspot/share/classfile/systemDictionary.cpp, line 232]
Event: 1.089 Thread 0x0000021b4e1a1000 Exception <a 'java/net/SocketException'{0x00000007118a47c0}: Socket is not connected: shutdown> (0x00000007118a47c0) 
thrown [t:/workspace/open/src/hotspot/share/prims/jni.cpp, line 619]
Event: 1.215 Thread 0x0000021b4e1a1000 Exception <a 'java/lang/NoSuchMethodError'{0x0000000710f20718}: 'java.lang.Object java.lang.invoke.DirectMethodHandle$Holder.invokeStaticInit(java.lang.Object, int, int, int, int)'> (0x0000000710f20718) 
thrown [t:/workspace/open/src/hotspot/share/interpreter/linkResolver.cpp, line 767]
Event: 1.216 Thread 0x0000021b4e1a1000 Exception <a 'sun/nio/fs/WindowsException'{0x0000000710f29f00}> (0x0000000710f29f00) 
thrown [t:/workspace/open/src/hotspot/share/prims/jni.cpp, line 598]
Event: 1.217 Thread 0x0000021b4e1a1000 Exception <a 'java/lang/NoSuchMethodError'{0x0000000710f2db10}: 'int java.lang.invoke.DirectMethodHandle$Holder.invokeSpecialIFC(java.lang.Object, java.lang.Object, int)'> (0x0000000710f2db10) 
thrown [t:/workspace/open/src/hotspot/share/interpreter/linkResolver.cpp, line 767]
Event: 1.226 Thread 0x0000021b4e1a1000 Exception <a 'java/lang/NoSuchMethodError'{0x0000000710f66e48}: 'int java.lang.invoke.DirectMethodHandle$Holder.invokeStaticInit(java.lang.Object, java.lang.Object, java.lang.Object, java.lang.Object)'> (0x0000000710f66e48) 
thrown [t:/workspace/open/src/hotspot/share/interpreter/linkResolver.cpp, line 767]
Event: 1.227 Thread 0x0000021b4e1a1000 Exception <a 'java/lang/IncompatibleClassChangeError'{0x0000000710f6f7b8}: Found class java.lang.Object, but interface was expected> (0x0000000710f6f7b8) 
thrown [t:/workspace/open/src/hotspot/share/interpreter/linkResolver.cpp, line 833]
Event: 1.227 Thread 0x0000021b4e1a1000 Exception <a 'java/lang/NoSuchMethodError'{0x0000000710f726d8}: 'void java.lang.invoke.DirectMethodHandle$Holder.invokeStaticInit(java.lang.Object, java.lang.Object)'> (0x0000000710f726d8) 
thrown [t:/workspace/open/src/hotspot/share/interpreter/linkResolver.cpp, line 767]
Event: 1.228 Thread 0x0000021b4e1a1000 Exception <a 'java/lang/NoSuchMethodError'{0x0000000710f79460}: 'int java.lang.invoke.DirectMethodHandle$Holder.invokeStaticInit(java.lang.Object, java.lang.Object)'> (0x0000000710f79460) 
thrown [t:/workspace/open/src/hotspot/share/interpreter/linkResolver.cpp, line 767]
Event: 1.448 Thread 0x0000021b4e1a1000 Exception <a 'java/lang/NoSuchMethodError'{0x00000007109e2918}: 'java.lang.Object java.lang.invoke.DirectMethodHandle$Holder.invokeStaticInit(java.lang.Object, java.lang.Object, int, int, int, int)'> (0x00000007109e2918) 
thrown [t:/workspace/open/src/hotspot/share/interpreter/linkResolver.cpp, line 767]
Event: 1.641 Thread 0x0000021b7620c000 Exception <a 'java/lang/NoSuchMethodError'{0x000000070fb26660}: 'void java.lang.invoke.DirectMethodHandle$Holder.invokeStatic(java.lang.Object, long)'> (0x000000070fb26660) 
thrown [t:/workspace/open/src/hotspot/share/interpreter/linkResolver.cpp, line 767]
Event: 1.643 Thread 0x0000021b7620c000 Exception <a 'java/lang/NoSuchMethodError'{0x000000070fb33758}: 'java.lang.Object java.lang.invoke.DirectMethodHandle$Holder.invokeStaticInit(java.lang.Object, java.lang.Object, long, java.lang.Object)'> (0x000000070fb33758) 
thrown [t:/workspace/open/src/hotspot/share/interpreter/linkResolver.cpp, line 767]
Event: 1.644 Thread 0x0000021b7620c000 Exception <a 'java/lang/NoSuchMethodError'{0x000000070fb38bb0}: 'java.lang.Object java.lang.invoke.Invokers$Holder.linkToTargetMethod(java.lang.Object, long, java.lang.Object)'> (0x000000070fb38bb0) 
thrown [t:/workspace/open/src/hotspot/share/interpreter/linkResolver.cpp, line 767]
Event: 2.221 Thread 0x0000021b4e1a1000 Exception <a 'java/lang/NoSuchMethodError'{0x000000070f2ce770}: 'java.lang.Object java.lang.invoke.DirectMethodHandle$Holder.invokeInterface(java.lang.Object, java.lang.Object, java.lang.Object)'> (0x000000070f2ce770) 
thrown [t:/workspace/open/src/hotspot/share/interpreter/linkResolver.cpp, line 767]
Event: 2.221 Thread 0x0000021b4e1a1000 Exception <a 'java/lang/IncompatibleClassChangeError'{0x000000070f2d1600}: Found class java.lang.Object, but interface was expected> (0x000000070f2d1600) 
thrown [t:/workspace/open/src/hotspot/share/interpreter/linkResolver.cpp, line 833]
Event: 2.222 Thread 0x0000021b4e1a1000 Exception <a 'java/lang/NoSuchMethodError'{0x000000070f2da2c0}: 'int java.lang.invoke.DirectMethodHandle$Holder.invokeSpecialIFC(java.lang.Object, java.lang.Object, java.lang.Object, java.lang.Object)'> (0x000000070f2da2c0) 
thrown [t:/workspace/open/src/hotspot/share/interpreter/linkResolver.cpp, line 767]
Event: 2.223 Thread 0x0000021b4e1a1000 Exception <a 'java/lang/NoSuchMethodError'{0x000000070f2e1e28}: 'java.lang.Object java.lang.invoke.DirectMethodHandle$Holder.invokeInterface(java.lang.Object, java.lang.Object, java.lang.Object, java.lang.Object)'> (0x000000070f2e1e28) 
thrown [t:/workspace/open/src/hotspot/share/interpreter/linkResolver.cpp, line 767]
Event: 2.226 Thread 0x0000021b4e1a1000 Exception <a 'java/lang/NoSuchMethodError'{0x000000070f124fb8}: 'java.lang.Object java.lang.invoke.DirectMethodHandle$Holder.invokeVirtual(java.lang.Object, java.lang.Object, java.lang.Object)'> (0x000000070f124fb8) 
thrown [t:/workspace/open/src/hotspot/share/interpreter/linkResolver.cpp, line 767]
Event: 6.912 Thread 0x0000021b4e1a1000 Exception <a 'java/lang/NoSuchMethodError'{0x000000070dc59028}: 'java.lang.Object java.lang.invoke.DirectMethodHandle$Holder.invokeStatic(java.lang.Object, int, java.lang.Object)'> (0x000000070dc59028) 
thrown [t:/workspace/open/src/hotspot/share/interpreter/linkResolver.cpp, line 767]
Event: 6.916 Thread 0x0000021b4e1a1000 Exception <a 'java/lang/ClassNotFoundException'{0x000000070dc7ed60}: sun/util/logging/resources/spi/loggingProvider> (0x000000070dc7ed60) 
thrown [t:/workspace/open/src/hotspot/share/classfile/systemDictionary.cpp, line 232]

Events (20 events):
Event: 5447.977 Executing VM operation: GetFrameCount
Event: 5447.977 Executing VM operation: GetFrameCount done
Event: 5447.977 Executing VM operation: GetOwnedMonitorInfo
Event: 5447.977 Executing VM operation: GetOwnedMonitorInfo done
Event: 5447.977 Executing VM operation: GetCurrentContendedMonitor
Event: 5447.977 Executing VM operation: GetCurrentContendedMonitor done
Event: 5447.981 Executing VM operation: GetFrameLocation
Event: 5447.981 Executing VM operation: GetFrameLocation done
Event: 5447.981 Executing VM operation: get/set locals
Event: 5447.981 Executing VM operation: get/set locals done
Event: 5447.982 Executing VM operation: GetFrameLocation
Event: 5447.982 Executing VM operation: GetFrameLocation done
Event: 5447.982 Executing VM operation: get/set locals
Event: 5447.982 Executing VM operation: get/set locals done
Event: 5447.982 Executing VM operation: GetFrameLocation
Event: 5447.983 Executing VM operation: GetFrameLocation done
Event: 5447.983 Executing VM operation: get/set locals
Event: 5447.983 Executing VM operation: get/set locals done
Event: 5447.984 Executing VM operation: GetFrameLocation
Event: 5447.984 Executing VM operation: GetFrameLocation done


Dynamic libraries:
0x00007ff789c00000 - 0x00007ff789c0f000 	C:\Program Files\Java\jdk-13.0.2\bin\javaw.exe
0x00007fffcca40000 - 0x00007fffccc30000 	C:\Windows\SYSTEM32\ntdll.dll
0x00007fffcb110000 - 0x00007fffcb1c2000 	C:\Windows\System32\KERNEL32.DLL
0x00007fffca5f0000 - 0x00007fffca893000 	C:\Windows\System32\KERNELBASE.dll
0x00007fffc76f0000 - 0x00007fffc777f000 	C:\Windows\SYSTEM32\apphelp.dll
0x00007fffca8c0000 - 0x00007fffca9ba000 	C:\Windows\System32\ucrtbase.dll
0x00007fffb7cf0000 - 0x00007fffb7d05000 	C:\Program Files\Java\jdk-13.0.2\bin\VCRUNTIME140.dll
0x00007fffc0c20000 - 0x00007fffc0c38000 	C:\Program Files\Java\jdk-13.0.2\bin\jli.dll
0x00007fffcc300000 - 0x00007fffcc3a3000 	C:\Windows\System32\ADVAPI32.dll
0x00007fffcb070000 - 0x00007fffcb10e000 	C:\Windows\System32\msvcrt.dll
0x00007fffcbb10000 - 0x00007fffcbba7000 	C:\Windows\System32\sechost.dll
0x00007fffcacf0000 - 0x00007fffcae10000 	C:\Windows\System32\RPCRT4.dll
0x00007fffcaaf0000 - 0x00007fffcac84000 	C:\Windows\System32\USER32.dll
0x00007fffc9a20000 - 0x00007fffc9a41000 	C:\Windows\System32\win32u.dll
0x00007fffae080000 - 0x00007fffae305000 	C:\Windows\WinSxS\amd64_microsoft.windows.common-controls_6595b64144ccf1df_6.0.18362.778_none_e6c6b761130d4fb8\COMCTL32.dll
0x00007fffcc9d0000 - 0x00007fffcc9f6000 	C:\Windows\System32\GDI32.dll
0x00007fffcb1e0000 - 0x00007fffcb516000 	C:\Windows\System32\combase.dll
0x00007fffca270000 - 0x00007fffca404000 	C:\Windows\System32\gdi32full.dll
0x00007fffca9c0000 - 0x00007fffcaa40000 	C:\Windows\System32\bcryptPrimitives.dll
0x00007fffc9a50000 - 0x00007fffc9aee000 	C:\Windows\System32\msvcp_win.dll
0x00007fffbfb70000 - 0x00007fffbfb7a000 	C:\Windows\SYSTEM32\VERSION.dll
0x00007fffcb040000 - 0x00007fffcb06e000 	C:\Windows\System32\IMM32.DLL
0x00007fff9c720000 - 0x00007fff9c7bb000 	C:\Program Files\Java\jdk-13.0.2\bin\msvcp140.dll
0x00007fff678d0000 - 0x00007fff6842d000 	C:\Program Files\Java\jdk-13.0.2\bin\server\jvm.dll
0x00007fffcb5a0000 - 0x00007fffcb5a8000 	C:\Windows\System32\PSAPI.DLL
0x00007fffaba60000 - 0x00007fffaba69000 	C:\Windows\SYSTEM32\WSOCK32.dll
0x00007fffc75f0000 - 0x00007fffc7614000 	C:\Windows\SYSTEM32\WINMM.dll
0x00007fffcb5c0000 - 0x00007fffcb62f000 	C:\Windows\System32\WS2_32.dll
0x00007fffc75c0000 - 0x00007fffc75ed000 	C:\Windows\SYSTEM32\winmmbase.dll
0x00007fffc99d0000 - 0x00007fffc9a1a000 	C:\Windows\System32\cfgmgr32.dll
0x00007fffc9910000 - 0x00007fffc9921000 	C:\Windows\System32\kernel.appcore.dll
0x00007fffc2a50000 - 0x00007fffc2a60000 	C:\Program Files\Java\jdk-13.0.2\bin\verify.dll
0x00007fffc80d0000 - 0x00007fffc82c4000 	C:\Windows\SYSTEM32\DBGHELP.DLL
0x00007fffab4e0000 - 0x00007fffab50a000 	C:\Windows\SYSTEM32\dbgcore.DLL
0x00007fffb7170000 - 0x00007fffb7196000 	C:\Program Files\Java\jdk-13.0.2\bin\java.dll
0x00007fffb7230000 - 0x00007fffb7268000 	C:\Program Files\Java\jdk-13.0.2\bin\jdwp.dll
0x00007fffc3a40000 - 0x00007fffc3a4e000 	C:\Program Files\Java\jdk-13.0.2\bin\instrument.dll
0x00007fffb7370000 - 0x00007fffb7387000 	C:\Program Files\Java\jdk-13.0.2\bin\zip.dll
0x00007fffc29d0000 - 0x00007fffc29da000 	C:\Program Files\Java\jdk-13.0.2\bin\jimage.dll
0x00007fffcbbb0000 - 0x00007fffcc295000 	C:\Windows\System32\SHELL32.dll
0x00007fffcb700000 - 0x00007fffcb7a9000 	C:\Windows\System32\shcore.dll
0x00007fffc9af0000 - 0x00007fffca270000 	C:\Windows\System32\windows.storage.dll
0x00007fffc9980000 - 0x00007fffc99a3000 	C:\Windows\System32\profapi.dll
0x00007fffc9930000 - 0x00007fffc997a000 	C:\Windows\System32\powrprof.dll
0x00007fffc9900000 - 0x00007fffc9910000 	C:\Windows\System32\UMPDC.dll
0x00007fffcc2a0000 - 0x00007fffcc2f2000 	C:\Windows\System32\shlwapi.dll
0x00007fffca8a0000 - 0x00007fffca8b7000 	C:\Windows\System32\cryptsp.dll
0x00007fffb7cb0000 - 0x00007fffb7cbb000 	C:\Program Files\Java\jdk-13.0.2\bin\dt_socket.dll
0x00007fffc9170000 - 0x00007fffc91d7000 	C:\Windows\system32\mswsock.dll
0x00007fffc8ed0000 - 0x00007fffc8f9a000 	C:\Windows\SYSTEM32\DNSAPI.dll
0x00007fffcb1d0000 - 0x00007fffcb1d8000 	C:\Windows\System32\NSI.dll
0x00007fffc8e80000 - 0x00007fffc8eba000 	C:\Windows\SYSTEM32\IPHLPAPI.DLL
0x00007fffc2820000 - 0x00007fffc282a000 	C:\Windows\System32\rasadhlp.dll
0x00007fffbb5b0000 - 0x00007fffbb627000 	C:\Windows\System32\fwpuclnt.dll
0x00007fffca5c0000 - 0x00007fffca5e6000 	C:\Windows\System32\bcrypt.dll
0x00007fffb72e0000 - 0x00007fffb72f9000 	C:\Program Files\Java\jdk-13.0.2\bin\net.dll
0x00007fffc33d0000 - 0x00007fffc34c0000 	C:\Windows\SYSTEM32\WINHTTP.dll
0x00007fffb70e0000 - 0x00007fffb70f3000 	C:\Program Files\Java\jdk-13.0.2\bin\nio.dll
0x00007fffb6a20000 - 0x00007fffb6a45000 	C:\Program Files\Java\jdk-13.0.2\bin\sunec.dll
0x00007fffc8ce0000 - 0x00007fffc8d13000 	C:\Windows\system32\rsaenh.dll
0x00007fffc97f0000 - 0x00007fffc9815000 	C:\Windows\SYSTEM32\USERENV.dll
0x00007fffc9340000 - 0x00007fffc934c000 	C:\Windows\SYSTEM32\CRYPTBASE.dll
0x00007fffbf5e0000 - 0x00007fffbf5f6000 	C:\Windows\SYSTEM32\dhcpcsvc6.DLL
0x00007fffbf8c0000 - 0x00007fffbf8dc000 	C:\Windows\SYSTEM32\dhcpcsvc.DLL

dbghelp: loaded successfully - version: 4.0.5 - missing functions: none
symbol engine: initialized successfully - sym options: 0x614 - pdb path: .;C:\Program Files\Java\jdk-13.0.2\bin;C:\Windows\SYSTEM32;C:\Windows\WinSxS\amd64_microsoft.windows.common-controls_6595b64144ccf1df_6.0.18362.778_none_e6c6b761130d4fb8;C:\Program Files\Java\jdk-13.0.2\bin\server

VM Arguments:
jvm_args: -agentlib:jdwp=transport=dt_socket,suspend=y,address=localhost:55675 -javaagent:C:\Users\shrey\eclipse\java-2020-03\eclipse\configuration\org.eclipse.osgi\223\0\.cp\lib\javaagent-shaded.jar -Dfile.encoding=Cp1252 
java_command: executionEngine.DriverScript
java_class_path (initial): C:\Users\shrey\eclipse-workspace2\fluxQA\target\classes;C:\Users\shrey\.m2\repository\org\seleniumhq\selenium\selenium-java\3.7.1\selenium-java-3.7.1.jar;C:\Users\shrey\.m2\repository\org\seleniumhq\selenium\selenium-api\3.7.1\selenium-api-3.7.1.jar;C:\Users\shrey\.m2\repository\org\seleniumhq\selenium\selenium-chrome-driver\3.7.1\selenium-chrome-driver-3.7.1.jar;C:\Users\shrey\.m2\repository\org\seleniumhq\selenium\selenium-edge-driver\3.7.1\selenium-edge-driver-3.7.1.jar;C:\Users\shrey\.m2\repository\org\seleniumhq\selenium\selenium-firefox-driver\3.7.1\selenium-firefox-driver-3.7.1.jar;C:\Users\shrey\.m2\repository\org\seleniumhq\selenium\selenium-ie-driver\3.7.1\selenium-ie-driver-3.7.1.jar;C:\Users\shrey\.m2\repository\org\seleniumhq\selenium\selenium-opera-driver\3.7.1\selenium-opera-driver-3.7.1.jar;C:\Users\shrey\.m2\repository\org\seleniumhq\selenium\selenium-remote-driver\3.7.1\selenium-remote-driver-3.7.1.jar;C:\Users\shrey\.m2\repository\org\seleniumhq\selenium\selenium-safari-driver\3.7.1\selenium-safari-driver-3.7.1.jar;C:\Users\shrey\.m2\repository\org\seleniumhq\selenium\selenium-support\3.7.1\selenium-support-3.7.1.jar;C:\Users\shrey\.m2\repository\net\bytebuddy\byte-buddy\1.7.5\byte-buddy-1.7.5.jar;C:\Users\shrey\.m2\repository\org\apache\commons\commons-exec\1.3\commons-exec-1.3.jar;C:\Users\shrey\.m2\repository\commons-codec\commons-codec\1.10\commons-codec-1.10.jar;C:\Users\shrey\.m2\repository\commons-logging\commons-logging\1.2\commons-logging-1.2.jar;C:\Users\shrey\.m2\repository\com\google\code\gson\gson\2.8.2\gson-2.8.2.jar;C:\Users\shrey\.m2\repository\org\apache\httpcomponents\httpclient\4.5.3\httpclient-4.5.3.jar;C:\Users\shrey\.m2\repository\com\google\guava\guava\29.0-jre\guava-29.0-jre.jar;C:\Users\shrey\.m2\repository\com\google\guava\failureaccess\1.0.1\failureaccess-1.0.1.jar;C:\Users\shrey\.m2\repository\com\google\guava\listenablefuture\9999.0-empty-to-avoid-conflict-with-guava\listenablefuture-9999.0
Launcher Type: SUN_STANDARD

[Global flags]
     intx CICompilerCount                          = 4                                         {product} {ergonomic}
     uint ConcGCThreads                            = 2                                         {product} {ergonomic}
     uint G1ConcRefinementThreads                  = 8                                         {product} {ergonomic}
   size_t G1HeapRegionSize                         = 1048576                                   {product} {ergonomic}
    uintx GCDrainStackTargetSize                   = 64                                        {product} {ergonomic}
   size_t InitialHeapSize                          = 266338304                                 {product} {ergonomic}
   size_t MarkStackSize                            = 4194304                                   {product} {ergonomic}
   size_t MaxHeapSize                              = 4236247040                                {product} {ergonomic}
   size_t MaxNewSize                               = 2541748224                                {product} {ergonomic}
   size_t MinHeapDeltaBytes                        = 1048576                                   {product} {ergonomic}
   size_t MinHeapSize                              = 8388608                                   {product} {ergonomic}
    uintx NonNMethodCodeHeapSize                   = 5839372                                {pd product} {ergonomic}
    uintx NonProfiledCodeHeapSize                  = 122909434                              {pd product} {ergonomic}
    uintx ProfiledCodeHeapSize                     = 122909434                              {pd product} {ergonomic}
    uintx ReservedCodeCacheSize                    = 251658240                              {pd product} {ergonomic}
     bool SegmentedCodeCache                       = true                                      {product} {ergonomic}
   size_t SoftMaxHeapSize                          = 4236247040                             {manageable} {ergonomic}
     bool UseCompressedClassPointers               = true                                 {lp64_product} {ergonomic}
     bool UseCompressedOops                        = true                                 {lp64_product} {ergonomic}
     bool UseG1GC                                  = true                                      {product} {ergonomic}
     bool UseLargePagesIndividualAllocation        = false                                  {pd product} {ergonomic}

Logging:
Log output configuration:
 #0: stdout all=warning uptime,level,tags
 #1: stderr all=off uptime,level,tags

Environment Variables:
PATH=C:/Program Files/Java/jdk-13.0.2/bin/server;C:/Program Files/Java/jdk-13.0.2/bin;C:/Program Files/Java/jre1.8.0_241/bin/server;C:/Program Files/Java/jre1.8.0_241/bin;C:/Program Files/Java/jre1.8.0_241/lib/amd64;C:\Program Files (x86)\Google\Chrome\Application;C:\Program Files (x86)\Common Files\Oracle\Java\javapath;C:\Windows\system32;C:\Windows;C:\Windows\System32\Wbem;C:\Windows\System32\WindowsPowerShell\v1.0\;C:\Windows\System32\OpenSSH\;C:\Program Files (x86)\Intel\Intel(R) Management Engine Components\DAL;C:\Program Files\Intel\Intel(R) Management Engine Components\DAL;C:\Program Files\Intel\WiFi\bin\;C:\Program Files\Common Files\Intel\WirelessCommon\;C:\Users\shrey\AppData\Local\Microsoft\WindowsApps;C:\Users\shrey\AppData\Local\GitHubDesktop\bin;C:\Users\shrey\Downloads;;C:\Users\shrey\Downloads;
USERNAME=shrey
OS=Windows_NT
PROCESSOR_IDENTIFIER=Intel64 Family 6 Model 142 Stepping 11, GenuineIntel



---------------  S Y S T E M  ---------------

OS: Windows 10 , 64 bit Build 18362 (10.0.18362.778)

CPU:total 8 (initial active 8) (4 cores per cpu, 2 threads per core) family 6 model 142 stepping 11, cmov, cx8, fxsr, mmx, sse, sse2, sse3, ssse3, sse4.1, sse4.2, popcnt, avx, avx2, aes, clmul, erms, 3dnowpref, lzcnt, ht, tsc, tscinvbit, bmi1, bmi2, adx, fma

Memory: 4k page, system-wide physical 16159M (6685M free)
TotalPageFile size 21181M (AvailPageFile size 3752M)
current process WorkingSet (physical memory assigned to process): 85M, peak: 264M
current process commit charge ("private bytes"): 387M, peak: 479M

vm_info: Java HotSpot(TM) 64-Bit Server VM (13.0.2+8) for windows-amd64 JRE (13.0.2+8), built on Dec 11 2019 09:20:33 by "mach5one" with unknown MS VC++:1916

END.
